<?xml version="1.0" encoding="UTF-8" standalone="yes"?><!DOCTYPE report PUBLIC "-//JACOCO//DTD Report 1.1//EN" "report.dtd"><report name="ilp_submission_image"><sessioninfo id="runnervmymu0l-ba6405df" start="1769287575262" dump="1769287706006"/><package name="ilp_submission_3/ilp_submission_image/Configuration"><class name="ilp_submission_3/ilp_submission_image/Configuration/WebSocketConfig" sourcefilename="WebSocketConfig.java"><method name="&lt;init&gt;" desc="(Lilp_submission_3/ilp_submission_image/WebSocket/PathfindingProgressHandler;)V" line="15"><counter type="INSTRUCTION" missed="0" covered="6"/><counter type="LINE" missed="0" covered="3"/><counter type="COMPLEXITY" missed="0" covered="1"/><counter type="METHOD" missed="0" covered="1"/></method><method name="registerWebSocketHandlers" desc="(Lorg/springframework/web/socket/config/annotation/WebSocketHandlerRegistry;)V" line="21"><counter type="INSTRUCTION" missed="0" covered="28"/><counter type="LINE" missed="0" covered="4"/><counter type="COMPLEXITY" missed="0" covered="1"/><counter type="METHOD" missed="0" covered="1"/></method><counter type="INSTRUCTION" missed="0" covered="34"/><counter type="LINE" missed="0" covered="7"/><counter type="COMPLEXITY" missed="0" covered="2"/><counter type="METHOD" missed="0" covered="2"/><counter type="CLASS" missed="0" covered="1"/></class><class name="ilp_submission_3/ilp_submission_image/Configuration/ILPEndpointProvider" sourcefilename="ILPEndpointProvider.java"><method name="&lt;init&gt;" desc="()V" line="6"><counter type="INSTRUCTION" missed="0" covered="3"/><counter type="LINE" missed="0" covered="1"/><counter type="COMPLEXITY" missed="0" covered="1"/><counter type="METHOD" missed="0" covered="1"/></method><method name="getEndpoint" desc="()Ljava/lang/String;" line="12"><counter type="INSTRUCTION" missed="5" covered="7"/><counter type="BRANCH" missed="3" covered="1"/><counter type="LINE" missed="1" covered="3"/><counter type="COMPLEXITY" missed="2" covered="1"/><counter type="METHOD" missed="0" covered="1"/></method><counter type="INSTRUCTION" missed="5" covered="10"/><counter type="BRANCH" missed="3" covered="1"/><counter type="LINE" missed="1" covered="4"/><counter type="COMPLEXITY" missed="2" covered="2"/><counter type="METHOD" missed="0" covered="2"/><counter type="CLASS" missed="0" covered="1"/></class><class name="ilp_submission_3/ilp_submission_image/Configuration/AddConfig" sourcefilename="AddConfig.java"><method name="&lt;init&gt;" desc="()V" line="8"><counter type="INSTRUCTION" missed="0" covered="3"/><counter type="LINE" missed="0" covered="1"/><counter type="COMPLEXITY" missed="0" covered="1"/><counter type="METHOD" missed="0" covered="1"/></method><method name="restTemplate" desc="()Lorg/springframework/web/client/RestTemplate;" line="12"><counter type="INSTRUCTION" missed="0" covered="4"/><counter type="LINE" missed="0" covered="1"/><counter type="COMPLEXITY" missed="0" covered="1"/><counter type="METHOD" missed="0" covered="1"/></method><counter type="INSTRUCTION" missed="0" covered="7"/><counter type="LINE" missed="0" covered="2"/><counter type="COMPLEXITY" missed="0" covered="2"/><counter type="METHOD" missed="0" covered="2"/><counter type="CLASS" missed="0" covered="1"/></class><sourcefile name="WebSocketConfig.java"><line nr="15" mi="0" ci="2" mb="0" cb="0"/><line nr="16" mi="0" ci="3" mb="0" cb="0"/><line nr="17" mi="0" ci="1" mb="0" cb="0"/><line nr="21" mi="0" ci="24" mb="0" cb="0"/><line nr="22" mi="0" ci="1" mb="0" cb="0"/><line nr="23" mi="0" ci="2" mb="0" cb="0"/><line nr="24" mi="0" ci="1" mb="0" cb="0"/><counter type="INSTRUCTION" missed="0" covered="34"/><counter type="LINE" missed="0" covered="7"/><counter type="COMPLEXITY" missed="0" covered="2"/><counter type="METHOD" missed="0" covered="2"/><counter type="CLASS" missed="0" covered="1"/></sourcefile><sourcefile name="ILPEndpointProvider.java"><line nr="6" mi="0" ci="3" mb="0" cb="0"/><line nr="12" mi="0" ci="3" mb="0" cb="0"/><line nr="13" mi="3" ci="2" mb="3" cb="1"/><line nr="14" mi="0" ci="2" mb="0" cb="0"/><line nr="16" mi="2" ci="0" mb="0" cb="0"/><counter type="INSTRUCTION" missed="5" covered="10"/><counter type="BRANCH" missed="3" covered="1"/><counter type="LINE" missed="1" covered="4"/><counter type="COMPLEXITY" missed="2" covered="2"/><counter type="METHOD" missed="0" covered="2"/><counter type="CLASS" missed="0" covered="1"/></sourcefile><sourcefile name="AddConfig.java"><line nr="8" mi="0" ci="3" mb="0" cb="0"/><line nr="12" mi="0" ci="4" mb="0" cb="0"/><counter type="INSTRUCTION" missed="0" covered="7"/><counter type="LINE" missed="0" covered="2"/><counter type="COMPLEXITY" missed="0" covered="2"/><counter type="METHOD" missed="0" covered="2"/><counter type="CLASS" missed="0" covered="1"/></sourcefile><counter type="INSTRUCTION" missed="5" covered="51"/><counter type="BRANCH" missed="3" covered="1"/><counter type="LINE" missed="1" covered="13"/><counter type="COMPLEXITY" missed="2" covered="6"/><counter type="METHOD" missed="0" covered="6"/><counter type="CLASS" missed="0" covered="3"/></package><package name="ilp_submission_3/ilp_submission_image/Controller"><class name="ilp_submission_3/ilp_submission_image/Controller/DroneController" sourcefilename="DroneController.java"><method name="&lt;init&gt;" desc="(Lilp_submission_3/ilp_submission_image/Service/DroneService;Lilp_submission_3/ilp_submission_image/Service/PathPlanningService;)V" line="23"><counter type="INSTRUCTION" missed="0" covered="9"/><counter type="LINE" missed="0" covered="4"/><counter type="COMPLEXITY" missed="0" covered="1"/><counter type="METHOD" missed="0" covered="1"/></method><method name="dronesWithCooling" desc="(Z)Lorg/springframework/http/ResponseEntity;" line="30"><counter type="INSTRUCTION" missed="0" covered="8"/><counter type="LINE" missed="0" covered="2"/><counter type="COMPLEXITY" missed="0" covered="1"/><counter type="METHOD" missed="0" covered="1"/></method><method name="droneDetails" desc="(Ljava/lang/String;)Lorg/springframework/http/ResponseEntity;" line="37"><counter type="INSTRUCTION" missed="3" covered="11"/><counter type="BRANCH" missed="1" covered="1"/><counter type="LINE" missed="1" covered="3"/><counter type="COMPLEXITY" missed="1" covered="1"/><counter type="METHOD" missed="0" covered="1"/></method><method name="queryAsPath" desc="(Ljava/lang/String;Ljava/lang/String;)Lorg/springframework/http/ResponseEntity;" line="48"><counter type="INSTRUCTION" missed="0" covered="9"/><counter type="LINE" missed="0" covered="2"/><counter type="COMPLEXITY" missed="0" covered="1"/><counter type="METHOD" missed="0" covered="1"/></method><method name="query" desc="(Ljava/util/List;)Lorg/springframework/http/ResponseEntity;" line="54"><counter type="INSTRUCTION" missed="0" covered="8"/><counter type="LINE" missed="0" covered="2"/><counter type="COMPLEXITY" missed="0" covered="1"/><counter type="METHOD" missed="0" covered="1"/></method><method name="queryAvailableDrones" desc="(Ljava/util/List;)Lorg/springframework/http/ResponseEntity;" line="61"><counter type="INSTRUCTION" missed="0" covered="8"/><counter type="LINE" missed="0" covered="2"/><counter type="COMPLEXITY" missed="0" covered="1"/><counter type="METHOD" missed="0" covered="1"/></method><method name="calculateDeliveryPath" desc="(Ljava/util/List;)Lorg/springframework/http/ResponseEntity;" line="68"><counter type="INSTRUCTION" missed="0" covered="8"/><counter type="LINE" missed="0" covered="2"/><counter type="COMPLEXITY" missed="0" covered="1"/><counter type="METHOD" missed="0" covered="1"/></method><method name="calcDeliveryPathAsGeoJson" desc="(Ljava/util/List;)Lorg/springframework/http/ResponseEntity;" line="75"><counter type="INSTRUCTION" missed="0" covered="8"/><counter type="LINE" missed="0" covered="2"/><counter type="COMPLEXITY" missed="0" covered="1"/><counter type="METHOD" missed="0" covered="1"/></method><counter type="INSTRUCTION" missed="3" covered="69"/><counter type="BRANCH" missed="1" covered="1"/><counter type="LINE" missed="1" covered="19"/><counter type="COMPLEXITY" missed="1" covered="8"/><counter type="METHOD" missed="0" covered="8"/><counter type="CLASS" missed="0" covered="1"/></class><class name="ilp_submission_3/ilp_submission_image/Controller/ILPController" sourcefilename="ILPController.java"><method name="&lt;init&gt;" desc="(Lilp_submission_3/ilp_submission_image/Service/ILPServiceInterface;)V" line="22"><counter type="INSTRUCTION" missed="0" covered="6"/><counter type="LINE" missed="0" covered="3"/><counter type="COMPLEXITY" missed="0" covered="1"/><counter type="METHOD" missed="0" covered="1"/></method><method name="isInValidNumber" desc="(Ljava/lang/Double;)Z" line="38"><counter type="INSTRUCTION" missed="0" covered="10"/><counter type="BRANCH" missed="0" covered="4"/><counter type="LINE" missed="0" covered="1"/><counter type="COMPLEXITY" missed="0" covered="3"/><counter type="METHOD" missed="0" covered="1"/></method><method name="isInValidPosition" desc="(Lilp_submission_3/ilp_submission_image/dto/Position;)Z" line="48"><counter type="INSTRUCTION" missed="4" covered="42"/><counter type="BRANCH" missed="4" covered="10"/><counter type="LINE" missed="2" covered="7"/><counter type="COMPLEXITY" missed="4" covered="4"/><counter type="METHOD" missed="0" covered="1"/></method><method name="getUid" desc="()Lorg/springframework/http/ResponseEntity;" line="77"><counter type="INSTRUCTION" missed="0" covered="3"/><counter type="LINE" missed="0" covered="1"/><counter type="COMPLEXITY" missed="0" covered="1"/><counter type="METHOD" missed="0" covered="1"/></method><method name="distance" desc="(Lilp_submission_3/ilp_submission_image/dto/DistanceRequest;)Lorg/springframework/http/ResponseEntity;" line="89"><counter type="INSTRUCTION" missed="0" covered="23"/><counter type="BRANCH" missed="0" covered="4"/><counter type="LINE" missed="0" covered="3"/><counter type="COMPLEXITY" missed="0" covered="3"/><counter type="METHOD" missed="0" covered="1"/></method><method name="isClose" desc="(Lilp_submission_3/ilp_submission_image/dto/DistanceRequest;)Lorg/springframework/http/ResponseEntity;" line="105"><counter type="INSTRUCTION" missed="0" covered="23"/><counter type="BRANCH" missed="0" covered="4"/><counter type="LINE" missed="0" covered="3"/><counter type="COMPLEXITY" missed="0" covered="3"/><counter type="METHOD" missed="0" covered="1"/></method><method name="nextPosition" desc="(Lilp_submission_3/ilp_submission_image/dto/NextPositionRequest;)Lorg/springframework/http/ResponseEntity;" line="121"><counter type="INSTRUCTION" missed="0" covered="34"/><counter type="BRANCH" missed="0" covered="6"/><counter type="LINE" missed="0" covered="7"/><counter type="COMPLEXITY" missed="0" covered="4"/><counter type="METHOD" missed="0" covered="1"/></method><method name="isInRegion" desc="(Lilp_submission_3/ilp_submission_image/dto/IsInRegionRequest;)Lorg/springframework/http/ResponseEntity;" line="147"><counter type="INSTRUCTION" missed="6" covered="89"/><counter type="BRANCH" missed="3" covered="17"/><counter type="LINE" missed="2" covered="15"/><counter type="COMPLEXITY" missed="3" covered="8"/><counter type="METHOD" missed="0" covered="1"/></method><method name="&lt;clinit&gt;" desc="()V" line="26"><counter type="INSTRUCTION" missed="0" covered="85"/><counter type="LINE" missed="0" covered="3"/><counter type="COMPLEXITY" missed="0" covered="1"/><counter type="METHOD" missed="0" covered="1"/></method><counter type="INSTRUCTION" missed="10" covered="315"/><counter type="BRANCH" missed="7" covered="45"/><counter type="LINE" missed="4" covered="43"/><counter type="COMPLEXITY" missed="7" covered="28"/><counter type="METHOD" missed="0" covered="9"/><counter type="CLASS" missed="0" covered="1"/></class><class name="ilp_submission_3/ilp_submission_image/Controller/WebController" sourcefilename="WebController.java"><method name="&lt;init&gt;" desc="()V" line="11"><counter type="INSTRUCTION" missed="0" covered="3"/><counter type="LINE" missed="0" covered="1"/><counter type="COMPLEXITY" missed="0" covered="1"/><counter type="METHOD" missed="0" covered="1"/></method><method name="index" desc="()Ljava/lang/String;" line="23"><counter type="INSTRUCTION" missed="0" covered="2"/><counter type="LINE" missed="0" covered="1"/><counter type="COMPLEXITY" missed="0" covered="1"/><counter type="METHOD" missed="0" covered="1"/></method><counter type="INSTRUCTION" missed="0" covered="5"/><counter type="LINE" missed="0" covered="2"/><counter type="COMPLEXITY" missed="0" covered="2"/><counter type="METHOD" missed="0" covered="2"/><counter type="CLASS" missed="0" covered="1"/></class><class name="ilp_submission_3/ilp_submission_image/Controller/MonitorController" sourcefilename="MonitorController.java"><method name="&lt;init&gt;" desc="(Lilp_submission_3/ilp_submission_image/WebSocket/PathfindingProgressHandler;)V" line="20"><counter type="INSTRUCTION" missed="0" covered="6"/><counter type="LINE" missed="0" covered="3"/><counter type="COMPLEXITY" missed="0" covered="1"/><counter type="METHOD" missed="0" covered="1"/></method><method name="getWebSocketStatus" desc="()Lorg/springframework/http/ResponseEntity;" line="31"><counter type="INSTRUCTION" missed="0" covered="23"/><counter type="BRANCH" missed="0" covered="2"/><counter type="LINE" missed="0" covered="6"/><counter type="COMPLEXITY" missed="0" covered="2"/><counter type="METHOD" missed="0" covered="1"/></method><counter type="INSTRUCTION" missed="0" covered="29"/><counter type="BRANCH" missed="0" covered="2"/><counter type="LINE" missed="0" covered="9"/><counter type="COMPLEXITY" missed="0" covered="3"/><counter type="METHOD" missed="0" covered="2"/><counter type="CLASS" missed="0" covered="1"/></class><class name="ilp_submission_3/ilp_submission_image/Controller/DataController" sourcefilename="DataController.java"><method name="&lt;init&gt;" desc="(Lilp_submission_3/ilp_submission_image/Service/PathPlanningService;Lilp_submission_3/ilp_submission_image/Service/DroneService;)V" line="24"><counter type="INSTRUCTION" missed="0" covered="9"/><counter type="LINE" missed="0" covered="4"/><counter type="COMPLEXITY" missed="0" covered="1"/><counter type="METHOD" missed="0" covered="1"/></method><method name="getRestrictedAreas" desc="()Lorg/springframework/http/ResponseEntity;" line="35"><counter type="INSTRUCTION" missed="0" covered="7"/><counter type="LINE" missed="0" covered="2"/><counter type="COMPLEXITY" missed="0" covered="1"/><counter type="METHOD" missed="0" covered="1"/></method><method name="getServicePoints" desc="()Lorg/springframework/http/ResponseEntity;" line="44"><counter type="INSTRUCTION" missed="0" covered="7"/><counter type="LINE" missed="0" covered="2"/><counter type="COMPLEXITY" missed="0" covered="1"/><counter type="METHOD" missed="0" covered="1"/></method><method name="getDrones" desc="()Lorg/springframework/http/ResponseEntity;" line="53"><counter type="INSTRUCTION" missed="0" covered="7"/><counter type="LINE" missed="0" covered="2"/><counter type="COMPLEXITY" missed="0" covered="1"/><counter type="METHOD" missed="0" covered="1"/></method><counter type="INSTRUCTION" missed="0" covered="30"/><counter type="LINE" missed="0" covered="10"/><counter type="COMPLEXITY" missed="0" covered="4"/><counter type="METHOD" missed="0" covered="4"/><counter type="CLASS" missed="0" covered="1"/></class><class name="ilp_submission_3/ilp_submission_image/Controller/HealthController" sourcefilename="HealthController.java"><method name="&lt;init&gt;" desc="()V" line="13"><counter type="INSTRUCTION" missed="0" covered="3"/><counter type="LINE" missed="0" covered="1"/><counter type="COMPLEXITY" missed="0" covered="1"/><counter type="METHOD" missed="0" covered="1"/></method><method name="health" desc="()Lorg/springframework/http/ResponseEntity;" line="22"><counter type="INSTRUCTION" missed="0" covered="5"/><counter type="LINE" missed="0" covered="1"/><counter type="COMPLEXITY" missed="0" covered="1"/><counter type="METHOD" missed="0" covered="1"/></method><counter type="INSTRUCTION" missed="0" covered="8"/><counter type="LINE" missed="0" covered="2"/><counter type="COMPLEXITY" missed="0" covered="2"/><counter type="METHOD" missed="0" covered="2"/><counter type="CLASS" missed="0" covered="1"/></class><sourcefile name="WebController.java"><line nr="11" mi="0" ci="3" mb="0" cb="0"/><line nr="23" mi="0" ci="2" mb="0" cb="0"/><counter type="INSTRUCTION" missed="0" covered="5"/><counter type="LINE" missed="0" covered="2"/><counter type="COMPLEXITY" missed="0" covered="2"/><counter type="METHOD" missed="0" covered="2"/><counter type="CLASS" missed="0" covered="1"/></sourcefile><sourcefile name="ILPController.java"><line nr="22" mi="0" ci="2" mb="0" cb="0"/><line nr="23" mi="0" ci="3" mb="0" cb="0"/><line nr="24" mi="0" ci="1" mb="0" cb="0"/><line nr="26" mi="0" ci="8" mb="0" cb="0"/><line nr="27" mi="0" ci="40" mb="0" cb="0"/><line nr="28" mi="0" ci="37" mb="0" cb="0"/><line nr="38" mi="0" ci="10" mb="0" cb="4"/><line nr="48" mi="0" ci="2" mb="0" cb="2"/><line nr="49" mi="0" ci="2" mb="0" cb="0"/><line nr="53" mi="0" ci="10" mb="0" cb="4"/><line nr="54" mi="0" ci="2" mb="0" cb="0"/><line nr="58" mi="0" ci="12" mb="2" cb="2"/><line nr="59" mi="2" ci="0" mb="0" cb="0"/><line nr="63" mi="0" ci="12" mb="2" cb="2"/><line nr="64" mi="2" ci="0" mb="0" cb="0"/><line nr="67" mi="0" ci="2" mb="0" cb="0"/><line nr="77" mi="0" ci="3" mb="0" cb="0"/><line nr="89" mi="0" ci="10" mb="0" cb="4"/><line nr="90" mi="0" ci="3" mb="0" cb="0"/><line nr="93" mi="0" ci="10" mb="0" cb="0"/><line nr="105" mi="0" ci="10" mb="0" cb="4"/><line nr="106" mi="0" ci="3" mb="0" cb="0"/><line nr="109" mi="0" ci="10" mb="0" cb="0"/><line nr="121" mi="0" ci="5" mb="0" cb="2"/><line nr="122" mi="0" ci="3" mb="0" cb="0"/><line nr="126" mi="0" ci="5" mb="0" cb="2"/><line nr="127" mi="0" ci="3" mb="0" cb="0"/><line nr="131" mi="0" ci="5" mb="0" cb="2"/><line nr="132" mi="0" ci="3" mb="0" cb="0"/><line nr="135" mi="0" ci="10" mb="0" cb="0"/><line nr="147" mi="0" ci="7" mb="0" cb="4"/><line nr="148" mi="0" ci="7" mb="1" cb="3"/><line nr="149" mi="0" ci="3" mb="0" cb="0"/><line nr="153" mi="0" ci="5" mb="0" cb="2"/><line nr="154" mi="0" ci="3" mb="0" cb="0"/><line nr="158" mi="0" ci="5" mb="1" cb="1"/><line nr="159" mi="3" ci="0" mb="0" cb="0"/><line nr="163" mi="0" ci="12" mb="0" cb="2"/><line nr="164" mi="0" ci="4" mb="1" cb="1"/><line nr="165" mi="3" ci="0" mb="0" cb="0"/><line nr="167" mi="0" ci="1" mb="0" cb="0"/><line nr="170" mi="0" ci="5" mb="0" cb="0"/><line nr="171" mi="0" ci="7" mb="0" cb="0"/><line nr="172" mi="0" ci="9" mb="0" cb="0"/><line nr="174" mi="0" ci="7" mb="0" cb="4"/><line nr="175" mi="0" ci="3" mb="0" cb="0"/><line nr="178" mi="0" ci="11" mb="0" cb="0"/><counter type="INSTRUCTION" missed="10" covered="315"/><counter type="BRANCH" missed="7" covered="45"/><counter type="LINE" missed="4" covered="43"/><counter type="COMPLEXITY" missed="7" covered="28"/><counter type="METHOD" missed="0" covered="9"/><counter type="CLASS" missed="0" covered="1"/></sourcefile><sourcefile name="MonitorController.java"><line nr="20" mi="0" ci="2" mb="0" cb="0"/><line nr="21" mi="0" ci="3" mb="0" cb="0"/><line nr="22" mi="0" ci="1" mb="0" cb="0"/><line nr="31" mi="0" ci="4" mb="0" cb="0"/><line nr="32" mi="0" ci="4" mb="0" cb="0"/><line nr="34" mi="0" ci="5" mb="0" cb="0"/><line nr="35" mi="0" ci="3" mb="0" cb="0"/><line nr="36" mi="0" ci="2" mb="0" cb="0"/><line nr="37" mi="0" ci="5" mb="0" cb="2"/><counter type="INSTRUCTION" missed="0" covered="29"/><counter type="BRANCH" missed="0" covered="2"/><counter type="LINE" missed="0" covered="9"/><counter type="COMPLEXITY" missed="0" covered="3"/><counter type="METHOD" missed="0" covered="2"/><counter type="CLASS" missed="0" covered="1"/></sourcefile><sourcefile name="DataController.java"><line nr="24" mi="0" ci="2" mb="0" cb="0"/><line nr="25" mi="0" ci="3" mb="0" cb="0"/><line nr="26" mi="0" ci="3" mb="0" cb="0"/><line nr="27" mi="0" ci="1" mb="0" cb="0"/><line nr="35" mi="0" ci="4" mb="0" cb="0"/><line nr="36" mi="0" ci="3" mb="0" cb="0"/><line nr="44" mi="0" ci="4" mb="0" cb="0"/><line nr="45" mi="0" ci="3" mb="0" cb="0"/><line nr="53" mi="0" ci="4" mb="0" cb="0"/><line nr="54" mi="0" ci="3" mb="0" cb="0"/><counter type="INSTRUCTION" missed="0" covered="30"/><counter type="LINE" missed="0" covered="10"/><counter type="COMPLEXITY" missed="0" covered="4"/><counter type="METHOD" missed="0" covered="4"/><counter type="CLASS" missed="0" covered="1"/></sourcefile><sourcefile name="HealthController.java"><line nr="13" mi="0" ci="3" mb="0" cb="0"/><line nr="22" mi="0" ci="5" mb="0" cb="0"/><counter type="INSTRUCTION" missed="0" covered="8"/><counter type="LINE" missed="0" covered="2"/><counter type="COMPLEXITY" missed="0" covered="2"/><counter type="METHOD" missed="0" covered="2"/><counter type="CLASS" missed="0" covered="1"/></sourcefile><sourcefile name="DroneController.java"><line nr="23" mi="0" ci="2" mb="0" cb="0"/><line nr="24" mi="0" ci="3" mb="0" cb="0"/><line nr="25" mi="0" ci="3" mb="0" cb="0"/><line nr="26" mi="0" ci="1" mb="0" cb="0"/><line nr="30" mi="0" ci="5" mb="0" cb="0"/><line nr="31" mi="0" ci="3" mb="0" cb="0"/><line nr="37" mi="0" ci="5" mb="0" cb="0"/><line nr="38" mi="0" ci="2" mb="1" cb="1"/><line nr="39" mi="0" ci="4" mb="0" cb="0"/><line nr="41" mi="3" ci="0" mb="0" cb="0"/><line nr="48" mi="0" ci="6" mb="0" cb="0"/><line nr="49" mi="0" ci="3" mb="0" cb="0"/><line nr="54" mi="0" ci="5" mb="0" cb="0"/><line nr="55" mi="0" ci="3" mb="0" cb="0"/><line nr="61" mi="0" ci="5" mb="0" cb="0"/><line nr="62" mi="0" ci="3" mb="0" cb="0"/><line nr="68" mi="0" ci="5" mb="0" cb="0"/><line nr="69" mi="0" ci="3" mb="0" cb="0"/><line nr="75" mi="0" ci="5" mb="0" cb="0"/><line nr="76" mi="0" ci="3" mb="0" cb="0"/><counter type="INSTRUCTION" missed="3" covered="69"/><counter type="BRANCH" missed="1" covered="1"/><counter type="LINE" missed="1" covered="19"/><counter type="COMPLEXITY" missed="1" covered="8"/><counter type="METHOD" missed="0" covered="8"/><counter type="CLASS" missed="0" covered="1"/></sourcefile><counter type="INSTRUCTION" missed="13" covered="456"/><counter type="BRANCH" missed="8" covered="48"/><counter type="LINE" missed="5" covered="85"/><counter type="COMPLEXITY" missed="8" covered="47"/><counter type="METHOD" missed="0" covered="27"/><counter type="CLASS" missed="0" covered="6"/></package><package name="ilp_submission_3/ilp_submission_image/WebSocket"><class name="ilp_submission_3/ilp_submission_image/WebSocket/PathfindingProgressHandler" sourcefilename="PathfindingProgressHandler.java"><method name="&lt;init&gt;" desc="()V" line="16"><counter type="INSTRUCTION" missed="0" covered="13"/><counter type="LINE" missed="0" covered="3"/><counter type="COMPLEXITY" missed="0" covered="1"/><counter type="METHOD" missed="0" covered="1"/></method><method name="afterConnectionEstablished" desc="(Lorg/springframework/web/socket/WebSocketSession;)V" line="23"><counter type="INSTRUCTION" missed="0" covered="32"/><counter type="LINE" missed="0" covered="6"/><counter type="COMPLEXITY" missed="0" covered="1"/><counter type="METHOD" missed="0" covered="1"/></method><method name="afterConnectionClosed" desc="(Lorg/springframework/web/socket/WebSocketSession;Lorg/springframework/web/socket/CloseStatus;)V" line="42"><counter type="INSTRUCTION" missed="0" covered="17"/><counter type="LINE" missed="0" covered="4"/><counter type="COMPLEXITY" missed="0" covered="1"/><counter type="METHOD" missed="0" covered="1"/></method><method name="handleTransportError" desc="(Lorg/springframework/web/socket/WebSocketSession;Ljava/lang/Throwable;)V" line="49"><counter type="INSTRUCTION" missed="13" covered="0"/><counter type="LINE" missed="3" covered="0"/><counter type="COMPLEXITY" missed="1" covered="0"/><counter type="METHOD" missed="1" covered="0"/></method><method name="broadcastProgress" desc="(Lilp_submission_3/ilp_submission_image/dto/PathfindingProgress;)V" line="54"><counter type="INSTRUCTION" missed="17" covered="43"/><counter type="BRANCH" missed="1" covered="5"/><counter type="LINE" missed="5" covered="13"/><counter type="COMPLEXITY" missed="1" covered="3"/><counter type="METHOD" missed="0" covered="1"/></method><method name="sendToSession" desc="(Lorg/springframework/web/socket/WebSocketSession;Lilp_submission_3/ilp_submission_image/dto/PathfindingProgress;)V" line="82"><counter type="INSTRUCTION" missed="6" covered="23"/><counter type="BRANCH" missed="1" covered="1"/><counter type="LINE" missed="2" covered="7"/><counter type="COMPLEXITY" missed="1" covered="1"/><counter type="METHOD" missed="0" covered="1"/></method><method name="getActiveConnectionCount" desc="()I" line="94"><counter type="INSTRUCTION" missed="0" covered="4"/><counter type="LINE" missed="0" covered="1"/><counter type="COMPLEXITY" missed="0" covered="1"/><counter type="METHOD" missed="0" covered="1"/></method><method name="hasActiveConnections" desc="()Z" line="98"><counter type="INSTRUCTION" missed="0" covered="8"/><counter type="BRANCH" missed="0" covered="2"/><counter type="LINE" missed="0" covered="1"/><counter type="COMPLEXITY" missed="0" covered="2"/><counter type="METHOD" missed="0" covered="1"/></method><counter type="INSTRUCTION" missed="36" covered="140"/><counter type="BRANCH" missed="2" covered="8"/><counter type="LINE" missed="10" covered="35"/><counter type="COMPLEXITY" missed="3" covered="10"/><counter type="METHOD" missed="1" covered="7"/><counter type="CLASS" missed="0" covered="1"/></class><sourcefile name="PathfindingProgressHandler.java"><line nr="16" mi="0" ci="2" mb="0" cb="0"/><line nr="18" mi="0" ci="5" mb="0" cb="0"/><line nr="19" mi="0" ci="6" mb="0" cb="0"/><line nr="23" mi="0" ci="5" mb="0" cb="0"/><line nr="24" mi="0" ci="5" mb="0" cb="0"/><line nr="25" mi="0" ci="6" mb="0" cb="0"/><line nr="28" mi="0" ci="11" mb="0" cb="0"/><line nr="37" mi="0" ci="4" mb="0" cb="0"/><line nr="38" mi="0" ci="1" mb="0" cb="0"/><line nr="42" mi="0" ci="5" mb="0" cb="0"/><line nr="43" mi="0" ci="5" mb="0" cb="0"/><line nr="44" mi="0" ci="6" mb="0" cb="0"/><line nr="45" mi="0" ci="1" mb="0" cb="0"/><line nr="49" mi="7" ci="0" mb="0" cb="0"/><line nr="50" mi="5" ci="0" mb="0" cb="0"/><line nr="51" mi="1" ci="0" mb="0" cb="0"/><line nr="54" mi="0" ci="4" mb="0" cb="2"/><line nr="55" mi="0" ci="1" mb="0" cb="0"/><line nr="59" mi="0" ci="5" mb="0" cb="0"/><line nr="60" mi="0" ci="5" mb="0" cb="0"/><line nr="63" mi="0" ci="11" mb="0" cb="2"/><line nr="64" mi="0" ci="3" mb="1" cb="1"/><line nr="66" mi="0" ci="4" mb="0" cb="0"/><line nr="67" mi="0" ci="3" mb="0" cb="0"/><line nr="68" mi="0" ci="3" mb="0" cb="0"/><line nr="69" mi="1" ci="0" mb="0" cb="0"/><line nr="70" mi="5" ci="0" mb="0" cb="0"/><line nr="71" mi="5" ci="0" mb="0" cb="0"/><line nr="72" mi="0" ci="1" mb="0" cb="0"/><line nr="74" mi="0" ci="1" mb="0" cb="0"/><line nr="75" mi="1" ci="0" mb="0" cb="0"/><line nr="76" mi="5" ci="0" mb="0" cb="0"/><line nr="77" mi="0" ci="1" mb="0" cb="0"/><line nr="78" mi="0" ci="1" mb="0" cb="0"/><line nr="82" mi="0" ci="3" mb="1" cb="1"/><line nr="83" mi="0" ci="5" mb="0" cb="0"/><line nr="84" mi="0" ci="4" mb="0" cb="0"/><line nr="85" mi="0" ci="6" mb="0" cb="0"/><line nr="86" mi="0" ci="3" mb="0" cb="0"/><line nr="88" mi="1" ci="0" mb="0" cb="0"/><line nr="89" mi="5" ci="0" mb="0" cb="0"/><line nr="90" mi="0" ci="1" mb="0" cb="0"/><line nr="91" mi="0" ci="1" mb="0" cb="0"/><line nr="94" mi="0" ci="4" mb="0" cb="0"/><line nr="98" mi="0" ci="8" mb="0" cb="2"/><counter type="INSTRUCTION" missed="36" covered="140"/><counter type="BRANCH" missed="2" covered="8"/><counter type="LINE" missed="10" covered="35"/><counter type="COMPLEXITY" missed="3" covered="10"/><counter type="METHOD" missed="1" covered="7"/><counter type="CLASS" missed="0" covered="1"/></sourcefile><counter type="INSTRUCTION" missed="36" covered="140"/><counter type="BRANCH" missed="2" covered="8"/><counter type="LINE" missed="10" covered="35"/><counter type="COMPLEXITY" missed="3" covered="10"/><counter type="METHOD" missed="1" covered="7"/><counter type="CLASS" missed="0" covered="1"/></package><package name="ilp_submission_3/ilp_submission_image/dto"><class name="ilp_submission_3/ilp_submission_image/dto/PathfindingProgress" sourcefilename="PathfindingProgress.java"><method name="&lt;init&gt;" desc="(Ljava/lang/String;Lilp_submission_3/ilp_submission_image/dto/Position;Ljava/lang/Integer;Ljava/lang/Integer;Ljava/lang/Integer;Ljava/lang/String;Ljava/lang/String;)V" line="9"><counter type="INSTRUCTION" missed="0" covered="24"/><counter type="LINE" missed="0" covered="1"/><counter type="COMPLEXITY" missed="0" covered="1"/><counter type="METHOD" missed="0" covered="1"/></method><method name="nodeExplored" desc="(Lilp_submission_3/ilp_submission_image/dto/Position;I)Lilp_submission_3/ilp_submission_image/dto/PathfindingProgress;" line="56"><counter type="INSTRUCTION" missed="0" covered="16"/><counter type="LINE" missed="0" covered="3"/><counter type="COMPLEXITY" missed="0" covered="1"/><counter type="METHOD" missed="0" covered="1"/></method><method name="pathFound" desc="(Ljava/lang/Integer;II)Lilp_submission_3/ilp_submission_image/dto/PathfindingProgress;" line="71"><counter type="INSTRUCTION" missed="0" covered="14"/><counter type="LINE" missed="0" covered="2"/><counter type="COMPLEXITY" missed="0" covered="1"/><counter type="METHOD" missed="0" covered="1"/></method><method name="batchStarted" desc="(ILjava/lang/String;I)Lilp_submission_3/ilp_submission_image/dto/PathfindingProgress;" line="86"><counter type="INSTRUCTION" missed="0" covered="15"/><counter type="LINE" missed="0" covered="2"/><counter type="COMPLEXITY" missed="0" covered="1"/><counter type="METHOD" missed="0" covered="1"/></method><method name="batchCompleted" desc="(ILjava/lang/String;DI)Lilp_submission_3/ilp_submission_image/dto/PathfindingProgress;" line="103"><counter type="INSTRUCTION" missed="0" covered="23"/><counter type="LINE" missed="0" covered="3"/><counter type="COMPLEXITY" missed="0" covered="1"/><counter type="METHOD" missed="0" covered="1"/></method><method name="deliveryStarted" desc="(Ljava/lang/Integer;Lilp_submission_3/ilp_submission_image/dto/Position;Lilp_submission_3/ilp_submission_image/dto/Position;)Lilp_submission_3/ilp_submission_image/dto/PathfindingProgress;" line="119"><counter type="INSTRUCTION" missed="0" covered="12"/><counter type="LINE" missed="0" covered="1"/><counter type="COMPLEXITY" missed="0" covered="1"/><counter type="METHOD" missed="0" covered="1"/></method><method name="error" desc="(Ljava/lang/String;)Lilp_submission_3/ilp_submission_image/dto/PathfindingProgress;" line="134"><counter type="INSTRUCTION" missed="0" covered="12"/><counter type="LINE" missed="0" covered="1"/><counter type="COMPLEXITY" missed="0" covered="1"/><counter type="METHOD" missed="0" covered="1"/></method><counter type="INSTRUCTION" missed="0" covered="116"/><counter type="LINE" missed="0" covered="13"/><counter type="COMPLEXITY" missed="0" covered="7"/><counter type="METHOD" missed="0" covered="7"/><counter type="CLASS" missed="0" covered="1"/></class><class name="ilp_submission_3/ilp_submission_image/dto/Position" sourcefilename="Position.java"><method name="&lt;init&gt;" desc="(Ljava/lang/Double;Ljava/lang/Double;)V" line="9"><counter type="INSTRUCTION" missed="0" covered="9"/><counter type="LINE" missed="0" covered="1"/><counter type="COMPLEXITY" missed="0" covered="1"/><counter type="METHOD" missed="0" covered="1"/></method><counter type="INSTRUCTION" missed="0" covered="9"/><counter type="LINE" missed="0" covered="1"/><counter type="COMPLEXITY" missed="0" covered="1"/><counter type="METHOD" missed="0" covered="1"/><counter type="CLASS" missed="0" covered="1"/></class><class name="ilp_submission_3/ilp_submission_image/dto/DistanceRequest" sourcefilename="DistanceRequest.java"><method name="&lt;init&gt;" desc="(Lilp_submission_3/ilp_submission_image/dto/Position;Lilp_submission_3/ilp_submission_image/dto/Position;)V" line="9"><counter type="INSTRUCTION" missed="0" covered="9"/><counter type="LINE" missed="0" covered="1"/><counter type="COMPLEXITY" missed="0" covered="1"/><counter type="METHOD" missed="0" covered="1"/></method><counter type="INSTRUCTION" missed="0" covered="9"/><counter type="LINE" missed="0" covered="1"/><counter type="COMPLEXITY" missed="0" covered="1"/><counter type="METHOD" missed="0" covered="1"/><counter type="CLASS" missed="0" covered="1"/></class><class name="ilp_submission_3/ilp_submission_image/dto/DroneServicePoint" sourcefilename="DroneServicePoint.java"><method name="&lt;init&gt;" desc="(Ljava/lang/String;Ljava/lang/Integer;Lilp_submission_3/ilp_submission_image/dto/DroneServicePoint$LngLatAlt;)V" line="5"><counter type="INSTRUCTION" missed="0" covered="12"/><counter type="LINE" missed="0" covered="1"/><counter type="COMPLEXITY" missed="0" covered="1"/><counter type="METHOD" missed="0" covered="1"/></method><counter type="INSTRUCTION" missed="0" covered="12"/><counter type="LINE" missed="0" covered="1"/><counter type="COMPLEXITY" missed="0" covered="1"/><counter type="METHOD" missed="0" covered="1"/><counter type="CLASS" missed="0" covered="1"/></class><class name="ilp_submission_3/ilp_submission_image/dto/DroneForServicePoint$DroneAvailability$Availability" sourcefilename="DroneForServicePoint.java"><method name="&lt;init&gt;" desc="(Ljava/lang/String;Ljava/lang/String;Ljava/lang/String;)V" line="15"><counter type="INSTRUCTION" missed="0" covered="12"/><counter type="LINE" missed="0" covered="1"/><counter type="COMPLEXITY" missed="0" covered="1"/><counter type="METHOD" missed="0" covered="1"/></method><counter type="INSTRUCTION" missed="0" covered="12"/><counter type="LINE" missed="0" covered="1"/><counter type="COMPLEXITY" missed="0" covered="1"/><counter type="METHOD" missed="0" covered="1"/><counter type="CLASS" missed="0" covered="1"/></class><class name="ilp_submission_3/ilp_submission_image/dto/RestrictedArea$Limits" sourcefilename="RestrictedArea.java"><method name="&lt;init&gt;" desc="(Ljava/lang/Double;Ljava/lang/Double;)V" line="14"><counter type="INSTRUCTION" missed="0" covered="9"/><counter type="LINE" missed="0" covered="1"/><counter type="COMPLEXITY" missed="0" covered="1"/><counter type="METHOD" missed="0" covered="1"/></method><counter type="INSTRUCTION" missed="0" covered="9"/><counter type="LINE" missed="0" covered="1"/><counter type="COMPLEXITY" missed="0" covered="1"/><counter type="METHOD" missed="0" covered="1"/><counter type="CLASS" missed="0" covered="1"/></class><class name="ilp_submission_3/ilp_submission_image/dto/DeliveryPathResponse$DronePath" sourcefilename="DeliveryPathResponse.java"><method name="&lt;init&gt;" desc="(Ljava/lang/String;Ljava/util/List;)V" line="13"><counter type="INSTRUCTION" missed="0" covered="9"/><counter type="LINE" missed="0" covered="1"/><counter type="COMPLEXITY" missed="0" covered="1"/><counter type="METHOD" missed="0" covered="1"/></method><counter type="INSTRUCTION" missed="0" covered="9"/><counter type="LINE" missed="0" covered="1"/><counter type="COMPLEXITY" missed="0" covered="1"/><counter type="METHOD" missed="0" covered="1"/><counter type="CLASS" missed="0" covered="1"/></class><class name="ilp_submission_3/ilp_submission_image/dto/NextPositionRequest" sourcefilename="NextPositionRequest.java"><method name="&lt;init&gt;" desc="(Lilp_submission_3/ilp_submission_image/dto/Position;Ljava/lang/Double;)V" line="9"><counter type="INSTRUCTION" missed="0" covered="9"/><counter type="LINE" missed="0" covered="1"/><counter type="COMPLEXITY" missed="0" covered="1"/><counter type="METHOD" missed="0" covered="1"/></method><counter type="INSTRUCTION" missed="0" covered="9"/><counter type="LINE" missed="0" covered="1"/><counter type="COMPLEXITY" missed="0" covered="1"/><counter type="METHOD" missed="0" covered="1"/><counter type="CLASS" missed="0" covered="1"/></class><class name="ilp_submission_3/ilp_submission_image/dto/DeliveryPathResponse$Delivery" sourcefilename="DeliveryPathResponse.java"><method name="&lt;init&gt;" desc="(Ljava/lang/Integer;Ljava/util/List;)V" line="18"><counter type="INSTRUCTION" missed="0" covered="9"/><counter type="LINE" missed="0" covered="1"/><counter type="COMPLEXITY" missed="0" covered="1"/><counter type="METHOD" missed="0" covered="1"/></method><counter type="INSTRUCTION" missed="0" covered="9"/><counter type="LINE" missed="0" covered="1"/><counter type="COMPLEXITY" missed="0" covered="1"/><counter type="METHOD" missed="0" covered="1"/><counter type="CLASS" missed="0" covered="1"/></class><class name="ilp_submission_3/ilp_submission_image/dto/DroneServicePoint$LngLatAlt" sourcefilename="DroneServicePoint.java"><method name="&lt;init&gt;" desc="(Ljava/lang/Double;Ljava/lang/Double;Ljava/lang/Double;)V" line="10"><counter type="INSTRUCTION" missed="0" covered="12"/><counter type="LINE" missed="0" covered="1"/><counter type="COMPLEXITY" missed="0" covered="1"/><counter type="METHOD" missed="0" covered="1"/></method><counter type="INSTRUCTION" missed="0" covered="12"/><counter type="LINE" missed="0" covered="1"/><counter type="COMPLEXITY" missed="0" covered="1"/><counter type="METHOD" missed="0" covered="1"/><counter type="CLASS" missed="0" covered="1"/></class><class name="ilp_submission_3/ilp_submission_image/dto/IsInRegionRequest$Region" sourcefilename="IsInRegionRequest.java"><method name="&lt;init&gt;" desc="(Ljava/lang/String;Ljava/util/List;)V" line="22"><counter type="INSTRUCTION" missed="0" covered="9"/><counter type="LINE" missed="0" covered="1"/><counter type="COMPLEXITY" missed="0" covered="1"/><counter type="METHOD" missed="0" covered="1"/></method><counter type="INSTRUCTION" missed="0" covered="9"/><counter type="LINE" missed="0" covered="1"/><counter type="COMPLEXITY" missed="0" covered="1"/><counter type="METHOD" missed="0" covered="1"/><counter type="CLASS" missed="0" covered="1"/></class><class name="ilp_submission_3/ilp_submission_image/dto/DroneForServicePoint" sourcefilename="DroneForServicePoint.java"><method name="&lt;init&gt;" desc="(Ljava/lang/Integer;Ljava/util/List;)V" line="7"><counter type="INSTRUCTION" missed="0" covered="9"/><counter type="LINE" missed="0" covered="1"/><counter type="COMPLEXITY" missed="0" covered="1"/><counter type="METHOD" missed="0" covered="1"/></method><counter type="INSTRUCTION" missed="0" covered="9"/><counter type="LINE" missed="0" covered="1"/><counter type="COMPLEXITY" missed="0" covered="1"/><counter type="METHOD" missed="0" covered="1"/><counter type="CLASS" missed="0" covered="1"/></class><class name="ilp_submission_3/ilp_submission_image/dto/MedDispatchRec$Requirements" sourcefilename="MedDispatchRec.java"><method name="&lt;init&gt;" desc="(Ljava/lang/Double;Ljava/lang/Boolean;Ljava/lang/Boolean;Ljava/lang/Double;)V" line="13"><counter type="INSTRUCTION" missed="0" covered="15"/><counter type="LINE" missed="0" covered="1"/><counter type="COMPLEXITY" missed="0" covered="1"/><counter type="METHOD" missed="0" covered="1"/></method><counter type="INSTRUCTION" missed="0" covered="15"/><counter type="LINE" missed="0" covered="1"/><counter type="COMPLEXITY" missed="0" covered="1"/><counter type="METHOD" missed="0" covered="1"/><counter type="CLASS" missed="0" covered="1"/></class><class name="ilp_submission_3/ilp_submission_image/dto/RestrictedArea" sourcefilename="RestrictedArea.java"><method name="&lt;init&gt;" desc="(Ljava/lang/String;Ljava/lang/Integer;Lilp_submission_3/ilp_submission_image/dto/RestrictedArea$Limits;Ljava/util/List;)V" line="8"><counter type="INSTRUCTION" missed="0" covered="15"/><counter type="LINE" missed="0" covered="1"/><counter type="COMPLEXITY" missed="0" covered="1"/><counter type="METHOD" missed="0" covered="1"/></method><counter type="INSTRUCTION" missed="0" covered="15"/><counter type="LINE" missed="0" covered="1"/><counter type="COMPLEXITY" missed="0" covered="1"/><counter type="METHOD" missed="0" covered="1"/><counter type="CLASS" missed="0" covered="1"/></class><class name="ilp_submission_3/ilp_submission_image/dto/DroneForServicePoint$DroneAvailability" sourcefilename="DroneForServicePoint.java"><method name="&lt;init&gt;" desc="(Ljava/lang/String;Ljava/util/List;)V" line="11"><counter type="INSTRUCTION" missed="0" covered="9"/><counter type="LINE" missed="0" covered="1"/><counter type="COMPLEXITY" missed="0" covered="1"/><counter type="METHOD" missed="0" covered="1"/></method><counter type="INSTRUCTION" missed="0" covered="9"/><counter type="LINE" missed="0" covered="1"/><counter type="COMPLEXITY" missed="0" covered="1"/><counter type="METHOD" missed="0" covered="1"/><counter type="CLASS" missed="0" covered="1"/></class><class name="ilp_submission_3/ilp_submission_image/dto/Drone$Capability" sourcefilename="Drone.java"><method name="&lt;init&gt;" desc="(Ljava/lang/Boolean;Ljava/lang/Boolean;Ljava/lang/Double;Ljava/lang/Integer;Ljava/lang/Double;Ljava/lang/Double;Ljava/lang/Double;)V" line="11"><counter type="INSTRUCTION" missed="0" covered="24"/><counter type="LINE" missed="0" covered="1"/><counter type="COMPLEXITY" missed="0" covered="1"/><counter type="METHOD" missed="0" covered="1"/></method><counter type="INSTRUCTION" missed="0" covered="24"/><counter type="LINE" missed="0" covered="1"/><counter type="COMPLEXITY" missed="0" covered="1"/><counter type="METHOD" missed="0" covered="1"/><counter type="CLASS" missed="0" covered="1"/></class><class name="ilp_submission_3/ilp_submission_image/dto/QueryAttribute" sourcefilename="QueryAttribute.java"><method name="&lt;init&gt;" desc="(Ljava/lang/String;Ljava/lang/String;Ljava/lang/String;)V" line="5"><counter type="INSTRUCTION" missed="0" covered="12"/><counter type="LINE" missed="0" covered="1"/><counter type="COMPLEXITY" missed="0" covered="1"/><counter type="METHOD" missed="0" covered="1"/></method><counter type="INSTRUCTION" missed="0" covered="12"/><counter type="LINE" missed="0" covered="1"/><counter type="COMPLEXITY" missed="0" covered="1"/><counter type="METHOD" missed="0" covered="1"/><counter type="CLASS" missed="0" covered="1"/></class><class name="ilp_submission_3/ilp_submission_image/dto/IsInRegionRequest" sourcefilename="IsInRegionRequest.java"><method name="&lt;init&gt;" desc="(Lilp_submission_3/ilp_submission_image/dto/Position;Lilp_submission_3/ilp_submission_image/dto/IsInRegionRequest$Region;)V" line="11"><counter type="INSTRUCTION" missed="0" covered="9"/><counter type="LINE" missed="0" covered="1"/><counter type="COMPLEXITY" missed="0" covered="1"/><counter type="METHOD" missed="0" covered="1"/></method><counter type="INSTRUCTION" missed="0" covered="9"/><counter type="LINE" missed="0" covered="1"/><counter type="COMPLEXITY" missed="0" covered="1"/><counter type="METHOD" missed="0" covered="1"/><counter type="CLASS" missed="0" covered="1"/></class><class name="ilp_submission_3/ilp_submission_image/dto/MedDispatchRec" sourcefilename="MedDispatchRec.java"><method name="&lt;init&gt;" desc="(Ljava/lang/Integer;Ljava/lang/String;Ljava/lang/String;Lilp_submission_3/ilp_submission_image/dto/MedDispatchRec$Requirements;Lilp_submission_3/ilp_submission_image/dto/Position;)V" line="5"><counter type="INSTRUCTION" missed="0" covered="18"/><counter type="LINE" missed="0" covered="1"/><counter type="COMPLEXITY" missed="0" covered="1"/><counter type="METHOD" missed="0" covered="1"/></method><counter type="INSTRUCTION" missed="0" covered="18"/><counter type="LINE" missed="0" covered="1"/><counter type="COMPLEXITY" missed="0" covered="1"/><counter type="METHOD" missed="0" covered="1"/><counter type="CLASS" missed="0" covered="1"/></class><class name="ilp_submission_3/ilp_submission_image/dto/DeliveryPathResponse" sourcefilename="DeliveryPathResponse.java"><method name="&lt;init&gt;" desc="(Ljava/lang/Double;Ljava/lang/Integer;Ljava/util/List;)V" line="8"><counter type="INSTRUCTION" missed="0" covered="12"/><counter type="LINE" missed="0" covered="1"/><counter type="COMPLEXITY" missed="0" covered="1"/><counter type="METHOD" missed="0" covered="1"/></method><counter type="INSTRUCTION" missed="0" covered="12"/><counter type="LINE" missed="0" covered="1"/><counter type="COMPLEXITY" missed="0" covered="1"/><counter type="METHOD" missed="0" covered="1"/><counter type="CLASS" missed="0" covered="1"/></class><class name="ilp_submission_3/ilp_submission_image/dto/Drone" sourcefilename="Drone.java"><method name="&lt;init&gt;" desc="(Ljava/lang/String;Ljava/lang/String;Lilp_submission_3/ilp_submission_image/dto/Drone$Capability;)V" line="5"><counter type="INSTRUCTION" missed="0" covered="12"/><counter type="LINE" missed="0" covered="1"/><counter type="COMPLEXITY" missed="0" covered="1"/><counter type="METHOD" missed="0" covered="1"/></method><counter type="INSTRUCTION" missed="0" covered="12"/><counter type="LINE" missed="0" covered="1"/><counter type="COMPLEXITY" missed="0" covered="1"/><counter type="METHOD" missed="0" covered="1"/><counter type="CLASS" missed="0" covered="1"/></class><sourcefile name="DroneForServicePoint.java"><line nr="7" mi="0" ci="9" mb="0" cb="0"/><line nr="11" mi="0" ci="9" mb="0" cb="0"/><line nr="15" mi="0" ci="12" mb="0" cb="0"/><counter type="INSTRUCTION" missed="0" covered="30"/><counter type="LINE" missed="0" covered="3"/><counter type="COMPLEXITY" missed="0" covered="3"/><counter type="METHOD" missed="0" covered="3"/><counter type="CLASS" missed="0" covered="3"/></sourcefile><sourcefile name="NextPositionRequest.java"><line nr="9" mi="0" ci="9" mb="0" cb="0"/><counter type="INSTRUCTION" missed="0" covered="9"/><counter type="LINE" missed="0" covered="1"/><counter type="COMPLEXITY" missed="0" covered="1"/><counter type="METHOD" missed="0" covered="1"/><counter type="CLASS" missed="0" covered="1"/></sourcefile><sourcefile name="Position.java"><line nr="9" mi="0" ci="9" mb="0" cb="0"/><counter type="INSTRUCTION" missed="0" covered="9"/><counter type="LINE" missed="0" covered="1"/><counter type="COMPLEXITY" missed="0" covered="1"/><counter type="METHOD" missed="0" covered="1"/><counter type="CLASS" missed="0" covered="1"/></sourcefile><sourcefile name="QueryAttribute.java"><line nr="5" mi="0" ci="12" mb="0" cb="0"/><counter type="INSTRUCTION" missed="0" covered="12"/><counter type="LINE" missed="0" covered="1"/><counter type="COMPLEXITY" missed="0" covered="1"/><counter type="METHOD" missed="0" covered="1"/><counter type="CLASS" missed="0" covered="1"/></sourcefile><sourcefile name="Drone.java"><line nr="5" mi="0" ci="12" mb="0" cb="0"/><line nr="11" mi="0" ci="24" mb="0" cb="0"/><counter type="INSTRUCTION" missed="0" covered="36"/><counter type="LINE" missed="0" covered="2"/><counter type="COMPLEXITY" missed="0" covered="2"/><counter type="METHOD" missed="0" covered="2"/><counter type="CLASS" missed="0" covered="2"/></sourcefile><sourcefile name="IsInRegionRequest.java"><line nr="11" mi="0" ci="9" mb="0" cb="0"/><line nr="22" mi="0" ci="9" mb="0" cb="0"/><counter type="INSTRUCTION" missed="0" covered="18"/><counter type="LINE" missed="0" covered="2"/><counter type="COMPLEXITY" missed="0" covered="2"/><counter type="METHOD" missed="0" covered="2"/><counter type="CLASS" missed="0" covered="2"/></sourcefile><sourcefile name="RestrictedArea.java"><line nr="8" mi="0" ci="15" mb="0" cb="0"/><line nr="14" mi="0" ci="9" mb="0" cb="0"/><counter type="INSTRUCTION" missed="0" covered="24"/><counter type="LINE" missed="0" covered="2"/><counter type="COMPLEXITY" missed="0" covered="2"/><counter type="METHOD" missed="0" covered="2"/><counter type="CLASS" missed="0" covered="2"/></sourcefile><sourcefile name="PathfindingProgress.java"><line nr="9" mi="0" ci="24" mb="0" cb="0"/><line nr="56" mi="0" ci="7" mb="0" cb="0"/><line nr="60" mi="0" ci="4" mb="0" cb="0"/><line nr="63" mi="0" ci="5" mb="0" cb="0"/><line nr="71" mi="0" ci="7" mb="0" cb="0"/><line nr="75" mi="0" ci="7" mb="0" cb="0"/><line nr="86" mi="0" ci="8" mb="0" cb="0"/><line nr="91" mi="0" ci="7" mb="0" cb="0"/><line nr="103" mi="0" ci="8" mb="0" cb="0"/><line nr="108" mi="0" ci="9" mb="0" cb="0"/><line nr="111" mi="0" ci="6" mb="0" cb="0"/><line nr="119" mi="0" ci="12" mb="0" cb="0"/><line nr="134" mi="0" ci="12" mb="0" cb="0"/><counter type="INSTRUCTION" missed="0" covered="116"/><counter type="LINE" missed="0" covered="13"/><counter type="COMPLEXITY" missed="0" covered="7"/><counter type="METHOD" missed="0" covered="7"/><counter type="CLASS" missed="0" covered="1"/></sourcefile><sourcefile name="DroneServicePoint.java"><line nr="5" mi="0" ci="12" mb="0" cb="0"/><line nr="10" mi="0" ci="12" mb="0" cb="0"/><counter type="INSTRUCTION" missed="0" covered="24"/><counter type="LINE" missed="0" covered="2"/><counter type="COMPLEXITY" missed="0" covered="2"/><counter type="METHOD" missed="0" covered="2"/><counter type="CLASS" missed="0" covered="2"/></sourcefile><sourcefile name="DeliveryPathResponse.java"><line nr="8" mi="0" ci="12" mb="0" cb="0"/><line nr="13" mi="0" ci="9" mb="0" cb="0"/><line nr="18" mi="0" ci="9" mb="0" cb="0"/><counter type="INSTRUCTION" missed="0" covered="30"/><counter type="LINE" missed="0" covered="3"/><counter type="COMPLEXITY" missed="0" covered="3"/><counter type="METHOD" missed="0" covered="3"/><counter type="CLASS" missed="0" covered="3"/></sourcefile><sourcefile name="DistanceRequest.java"><line nr="9" mi="0" ci="9" mb="0" cb="0"/><counter type="INSTRUCTION" missed="0" covered="9"/><counter type="LINE" missed="0" covered="1"/><counter type="COMPLEXITY" missed="0" covered="1"/><counter type="METHOD" missed="0" covered="1"/><counter type="CLASS" missed="0" covered="1"/></sourcefile><sourcefile name="MedDispatchRec.java"><line nr="5" mi="0" ci="18" mb="0" cb="0"/><line nr="13" mi="0" ci="15" mb="0" cb="0"/><counter type="INSTRUCTION" missed="0" covered="33"/><counter type="LINE" missed="0" covered="2"/><counter type="COMPLEXITY" missed="0" covered="2"/><counter type="METHOD" missed="0" covered="2"/><counter type="CLASS" missed="0" covered="2"/></sourcefile><counter type="INSTRUCTION" missed="0" covered="350"/><counter type="LINE" missed="0" covered="33"/><counter type="COMPLEXITY" missed="0" covered="27"/><counter type="METHOD" missed="0" covered="27"/><counter type="CLASS" missed="0" covered="21"/></package><package name="ilp_submission_3/ilp_submission_image/Service"><class name="ilp_submission_3/ilp_submission_image/Service/PathPlanningService" sourcefilename="PathPlanningService.java"/><class name="ilp_submission_3/ilp_submission_image/Service/PathPlanningServiceImpl$ServicePointDistance" sourcefilename="PathPlanningServiceImpl.java"><method name="&lt;init&gt;" desc="(Lilp_submission_3/ilp_submission_image/dto/DroneServicePoint;D)V" line="195"><counter type="INSTRUCTION" missed="0" covered="9"/><counter type="LINE" missed="0" covered="4"/><counter type="COMPLEXITY" missed="0" covered="1"/><counter type="METHOD" missed="0" covered="1"/></method><counter type="INSTRUCTION" missed="0" covered="9"/><counter type="LINE" missed="0" covered="4"/><counter type="COMPLEXITY" missed="0" covered="1"/><counter type="METHOD" missed="0" covered="1"/><counter type="CLASS" missed="0" covered="1"/></class><class name="ilp_submission_3/ilp_submission_image/Service/DroneService" sourcefilename="DroneService.java"/><class name="ilp_submission_3/ilp_submission_image/Service/PathPlanningServiceImpl$DeliveryBatchResult" sourcefilename="PathPlanningServiceImpl.java"><method name="&lt;init&gt;" desc="(Ljava/util/List;DI)V" line="958"><counter type="INSTRUCTION" missed="0" covered="12"/><counter type="LINE" missed="0" covered="5"/><counter type="COMPLEXITY" missed="0" covered="1"/><counter type="METHOD" missed="0" covered="1"/></method><counter type="INSTRUCTION" missed="0" covered="12"/><counter type="LINE" missed="0" covered="5"/><counter type="COMPLEXITY" missed="0" covered="1"/><counter type="METHOD" missed="0" covered="1"/><counter type="CLASS" missed="0" covered="1"/></class><class name="ilp_submission_3/ilp_submission_image/Service/PathPlanningServiceImpl" sourcefilename="PathPlanningServiceImpl.java"><method name="&lt;init&gt;" desc="(Lorg/springframework/web/client/RestTemplate;Lilp_submission_3/ilp_submission_image/Configuration/ILPEndpointProvider;Lilp_submission_3/ilp_submission_image/Service/ILPServiceInterface;Lilp_submission_3/ilp_submission_image/Service/DroneService;Lilp_submission_3/ilp_submission_image/WebSocket/PathfindingProgressHandler;)V" line="34"><counter type="INSTRUCTION" missed="0" covered="23"/><counter type="LINE" missed="0" covered="8"/><counter type="COMPLEXITY" missed="0" covered="1"/><counter type="METHOD" missed="0" covered="1"/></method><method name="getRestrictedAreas" desc="()Ljava/util/List;" line="45"><counter type="INSTRUCTION" missed="0" covered="23"/><counter type="BRANCH" missed="0" covered="2"/><counter type="LINE" missed="0" covered="5"/><counter type="COMPLEXITY" missed="0" covered="2"/><counter type="METHOD" missed="0" covered="1"/></method><method name="calculateDeliveryPath" desc="(Ljava/util/List;)Lilp_submission_3/ilp_submission_image/dto/DeliveryPathResponse;" line="56"><counter type="INSTRUCTION" missed="0" covered="74"/><counter type="BRANCH" missed="0" covered="8"/><counter type="LINE" missed="0" covered="15"/><counter type="COMPLEXITY" missed="0" covered="5"/><counter type="METHOD" missed="0" covered="1"/></method><method name="chooseBestSolution" desc="(Lilp_submission_3/ilp_submission_image/dto/DeliveryPathResponse;Lilp_submission_3/ilp_submission_image/dto/DeliveryPathResponse;)Lilp_submission_3/ilp_submission_image/dto/DeliveryPathResponse;" line="90"><counter type="INSTRUCTION" missed="2" covered="33"/><counter type="BRANCH" missed="1" covered="9"/><counter type="LINE" missed="1" covered="8"/><counter type="COMPLEXITY" missed="1" covered="5"/><counter type="METHOD" missed="0" covered="1"/></method><method name="trySingleDroneSolution" desc="(Ljava/util/List;Ljava/util/List;Ljava/util/List;Ljava/util/List;Ljava/util/List;Ljava/util/List;)Lilp_submission_3/ilp_submission_image/dto/DeliveryPathResponse;" line="117"><counter type="INSTRUCTION" missed="4" covered="170"/><counter type="BRANCH" missed="5" covered="25"/><counter type="LINE" missed="1" covered="36"/><counter type="COMPLEXITY" missed="5" covered="11"/><counter type="METHOD" missed="0" covered="1"/></method><method name="calculateCentroid" desc="(Ljava/util/List;)Lilp_submission_3/ilp_submission_image/dto/Position;" line="179"><counter type="INSTRUCTION" missed="0" covered="46"/><counter type="BRANCH" missed="0" covered="2"/><counter type="LINE" missed="0" covered="8"/><counter type="COMPLEXITY" missed="0" covered="2"/><counter type="METHOD" missed="0" covered="1"/></method><method name="tryMultiDroneSolution" desc="(Ljava/util/List;Ljava/util/List;Ljava/util/List;Ljava/util/List;Ljava/util/List;Ljava/util/List;)Lilp_submission_3/ilp_submission_image/dto/DeliveryPathResponse;" line="209"><counter type="INSTRUCTION" missed="3" covered="105"/><counter type="BRANCH" missed="3" covered="11"/><counter type="LINE" missed="1" covered="22"/><counter type="COMPLEXITY" missed="3" covered="5"/><counter type="METHOD" missed="0" covered="1"/></method><method name="findBestAssignmentByDistance" desc="(Ljava/util/List;Ljava/util/List;Ljava/util/List;Ljava/util/List;Ljava/util/List;Ljava/util/List;)Lilp_submission_3/ilp_submission_image/Service/PathPlanningServiceImpl$GreedyAssignment;" line="258"><counter type="INSTRUCTION" missed="2" covered="196"/><counter type="BRANCH" missed="2" covered="28"/><counter type="LINE" missed="2" covered="43"/><counter type="COMPLEXITY" missed="2" covered="14"/><counter type="METHOD" missed="0" covered="1"/></method><method name="buildBatchForDrone" desc="(Lilp_submission_3/ilp_submission_image/dto/MedDispatchRec;Ljava/util/List;Lilp_submission_3/ilp_submission_image/dto/Drone;Ljava/util/List;)Ljava/util/List;" line="344"><counter type="INSTRUCTION" missed="5" covered="126"/><counter type="BRANCH" missed="6" covered="18"/><counter type="LINE" missed="2" covered="30"/><counter type="COMPLEXITY" missed="6" covered="7"/><counter type="METHOD" missed="0" covered="1"/></method><method name="canDroneHandleOrder" desc="(Lilp_submission_3/ilp_submission_image/dto/Drone;Lilp_submission_3/ilp_submission_image/dto/MedDispatchRec;Ljava/util/List;)Z" line="403"><counter type="INSTRUCTION" missed="8" covered="106"/><counter type="BRANCH" missed="9" covered="27"/><counter type="LINE" missed="2" covered="26"/><counter type="COMPLEXITY" missed="8" covered="11"/><counter type="METHOD" missed="0" covered="1"/></method><method name="findDroneAvailabilityForOrder" desc="(Ljava/lang/String;Ljava/lang/String;Ljava/lang/String;Ljava/util/List;)Lilp_submission_3/ilp_submission_image/dto/DroneForServicePoint$DroneAvailability;" line="453"><counter type="INSTRUCTION" missed="11" covered="99"/><counter type="BRANCH" missed="7" covered="21"/><counter type="LINE" missed="5" covered="23"/><counter type="COMPLEXITY" missed="7" covered="8"/><counter type="METHOD" missed="0" covered="1"/></method><method name="mergeDronePaths" desc="(Ljava/util/List;DI)Lilp_submission_3/ilp_submission_image/dto/DeliveryPathResponse;" line="505"><counter type="INSTRUCTION" missed="0" covered="64"/><counter type="BRANCH" missed="0" covered="4"/><counter type="LINE" missed="0" covered="13"/><counter type="COMPLEXITY" missed="0" covered="3"/><counter type="METHOD" missed="0" covered="1"/></method><method name="findDroneById" desc="(Ljava/lang/String;Ljava/util/List;)Lilp_submission_3/ilp_submission_image/dto/Drone;" line="542"><counter type="INSTRUCTION" missed="0" covered="20"/><counter type="BRANCH" missed="0" covered="4"/><counter type="LINE" missed="0" covered="5"/><counter type="COMPLEXITY" missed="0" covered="3"/><counter type="METHOD" missed="0" covered="1"/></method><method name="calculateDeliveryPathAsGeoJson" desc="(Ljava/util/List;)Ljava/lang/String;" line="552"><counter type="INSTRUCTION" missed="3" covered="174"/><counter type="BRANCH" missed="0" covered="10"/><counter type="LINE" missed="2" covered="33"/><counter type="COMPLEXITY" missed="0" covered="6"/><counter type="METHOD" missed="0" covered="1"/></method><method name="getColorForDrone" desc="(I)Ljava/lang/String;" line="608"><counter type="INSTRUCTION" missed="0" covered="50"/><counter type="LINE" missed="0" covered="2"/><counter type="COMPLEXITY" missed="0" covered="1"/><counter type="METHOD" missed="0" covered="1"/></method><method name="optimizeDeliveryOrder" desc="(Ljava/util/List;Lilp_submission_3/ilp_submission_image/dto/Position;)Ljava/util/List;" line="618"><counter type="INSTRUCTION" missed="0" covered="64"/><counter type="BRANCH" missed="1" covered="7"/><counter type="LINE" missed="0" covered="19"/><counter type="COMPLEXITY" missed="1" covered="4"/><counter type="METHOD" missed="0" covered="1"/></method><method name="tryDeliverySequence" desc="(Lilp_submission_3/ilp_submission_image/dto/Drone;Ljava/util/List;Ljava/util/List;Ljava/util/List;Ljava/util/List;)Lilp_submission_3/ilp_submission_image/dto/DeliveryPathResponse;" line="654"><counter type="INSTRUCTION" missed="8" covered="145"/><counter type="BRANCH" missed="4" covered="14"/><counter type="LINE" missed="2" covered="31"/><counter type="COMPLEXITY" missed="4" covered="6"/><counter type="METHOD" missed="0" covered="1"/></method><method name="findServicePointForBatch" desc="(Lilp_submission_3/ilp_submission_image/dto/Drone;Ljava/util/List;Ljava/util/List;Ljava/util/List;)Lilp_submission_3/ilp_submission_image/dto/Position;" line="719"><counter type="INSTRUCTION" missed="8" covered="96"/><counter type="BRANCH" missed="8" covered="16"/><counter type="LINE" missed="1" covered="23"/><counter type="COMPLEXITY" missed="8" covered="5"/><counter type="METHOD" missed="0" covered="1"/></method><method name="createBatchesByServicePointAndCapacity" desc="(Ljava/util/List;Ljava/lang/Double;Lilp_submission_3/ilp_submission_image/dto/Drone;Ljava/util/List;)Ljava/util/List;" line="763"><counter type="INSTRUCTION" missed="5" covered="178"/><counter type="BRANCH" missed="12" covered="26"/><counter type="LINE" missed="2" covered="46"/><counter type="COMPLEXITY" missed="12" covered="8"/><counter type="METHOD" missed="0" covered="1"/></method><method name="executeDeliveryBatch" desc="(Lilp_submission_3/ilp_submission_image/dto/Drone;Lilp_submission_3/ilp_submission_image/dto/Position;Ljava/util/List;Ljava/util/List;)Lilp_submission_3/ilp_submission_image/Service/PathPlanningServiceImpl$DeliveryBatchResult;" line="842"><counter type="INSTRUCTION" missed="28" covered="272"/><counter type="BRANCH" missed="11" covered="35"/><counter type="LINE" missed="10" covered="58"/><counter type="COMPLEXITY" missed="9" covered="15"/><counter type="METHOD" missed="0" covered="1"/></method><method name="calculateFlightPath" desc="(Lilp_submission_3/ilp_submission_image/dto/Position;Lilp_submission_3/ilp_submission_image/dto/Position;Ljava/util/List;)Ljava/util/List;" line="968"><counter type="INSTRUCTION" missed="0" covered="6"/><counter type="LINE" missed="0" covered="1"/><counter type="COMPLEXITY" missed="0" covered="1"/><counter type="METHOD" missed="0" covered="1"/></method><method name="aStarPathfinding" desc="(Lilp_submission_3/ilp_submission_image/dto/Position;Lilp_submission_3/ilp_submission_image/dto/Position;Ljava/util/List;)Ljava/util/List;" line="974"><counter type="INSTRUCTION" missed="6" covered="238"/><counter type="BRANCH" missed="1" covered="25"/><counter type="LINE" missed="2" covered="48"/><counter type="COMPLEXITY" missed="1" covered="13"/><counter type="METHOD" missed="0" covered="1"/></method><method name="improvedHeuristic" desc="(Lilp_submission_3/ilp_submission_image/dto/Position;Lilp_submission_3/ilp_submission_image/dto/Position;)D" line="1057"><counter type="INSTRUCTION" missed="0" covered="52"/><counter type="LINE" missed="0" covered="8"/><counter type="COMPLEXITY" missed="0" covered="1"/><counter type="METHOD" missed="0" covered="1"/></method><method name="getSortedAngles" desc="(Lilp_submission_3/ilp_submission_image/dto/Position;Lilp_submission_3/ilp_submission_image/dto/Position;)Ljava/util/List;" line="1072"><counter type="INSTRUCTION" missed="0" covered="50"/><counter type="BRANCH" missed="0" covered="4"/><counter type="LINE" missed="0" covered="10"/><counter type="COMPLEXITY" missed="0" covered="3"/><counter type="METHOD" missed="0" covered="1"/></method><method name="calculateAngle" desc="(Lilp_submission_3/ilp_submission_image/dto/Position;Lilp_submission_3/ilp_submission_image/dto/Position;)D" line="1091"><counter type="INSTRUCTION" missed="0" covered="27"/><counter type="LINE" missed="0" covered="5"/><counter type="COMPLEXITY" missed="0" covered="1"/><counter type="METHOD" missed="0" covered="1"/></method><method name="normalizeAngle" desc="(D)D" line="1101"><counter type="INSTRUCTION" missed="0" covered="14"/><counter type="BRANCH" missed="0" covered="2"/><counter type="LINE" missed="0" covered="4"/><counter type="COMPLEXITY" missed="0" covered="2"/><counter type="METHOD" missed="0" covered="1"/></method><method name="positionToKey" desc="(Lilp_submission_3/ilp_submission_image/dto/Position;)Ljava/lang/String;" line="1119"><counter type="INSTRUCTION" missed="0" covered="18"/><counter type="LINE" missed="0" covered="3"/><counter type="COMPLEXITY" missed="0" covered="1"/><counter type="METHOD" missed="0" covered="1"/></method><method name="reconstructPath" desc="(Ljava/util/Map;Lilp_submission_3/ilp_submission_image/dto/Position;Lilp_submission_3/ilp_submission_image/dto/Position;Lilp_submission_3/ilp_submission_image/dto/Position;)Ljava/util/List;" line="1138"><counter type="INSTRUCTION" missed="0" covered="34"/><counter type="BRANCH" missed="0" covered="2"/><counter type="LINE" missed="0" covered="10"/><counter type="COMPLEXITY" missed="0" covered="2"/><counter type="METHOD" missed="0" covered="1"/></method><method name="isInRestrictedArea" desc="(Lilp_submission_3/ilp_submission_image/dto/Position;Ljava/util/List;)Z" line="1154"><counter type="INSTRUCTION" missed="0" covered="29"/><counter type="BRANCH" missed="2" covered="6"/><counter type="LINE" missed="0" covered="6"/><counter type="COMPLEXITY" missed="2" covered="3"/><counter type="METHOD" missed="0" covered="1"/></method><method name="isPathThroughRestrictedArea" desc="(Lilp_submission_3/ilp_submission_image/dto/Position;Lilp_submission_3/ilp_submission_image/dto/Position;Ljava/util/List;)Z" line="1165"><counter type="INSTRUCTION" missed="2" covered="85"/><counter type="BRANCH" missed="3" covered="9"/><counter type="LINE" missed="1" covered="14"/><counter type="COMPLEXITY" missed="3" covered="4"/><counter type="METHOD" missed="0" covered="1"/></method><method name="lineSegmentsIntersect" desc="(Lilp_submission_3/ilp_submission_image/dto/Position;Lilp_submission_3/ilp_submission_image/dto/Position;Lilp_submission_3/ilp_submission_image/dto/Position;Lilp_submission_3/ilp_submission_image/dto/Position;)Z" line="1191"><counter type="INSTRUCTION" missed="6" covered="106"/><counter type="BRANCH" missed="3" covered="29"/><counter type="LINE" missed="0" covered="11"/><counter type="COMPLEXITY" missed="3" covered="14"/><counter type="METHOD" missed="0" covered="1"/></method><method name="direction" desc="(Lilp_submission_3/ilp_submission_image/dto/Position;Lilp_submission_3/ilp_submission_image/dto/Position;Lilp_submission_3/ilp_submission_image/dto/Position;)D" line="1210"><counter type="INSTRUCTION" missed="0" covered="32"/><counter type="LINE" missed="0" covered="2"/><counter type="COMPLEXITY" missed="0" covered="1"/><counter type="METHOD" missed="0" covered="1"/></method><method name="onSegment" desc="(Lilp_submission_3/ilp_submission_image/dto/Position;Lilp_submission_3/ilp_submission_image/dto/Position;Lilp_submission_3/ilp_submission_image/dto/Position;)Z" line="1215"><counter type="INSTRUCTION" missed="0" covered="52"/><counter type="BRANCH" missed="2" covered="6"/><counter type="LINE" missed="0" covered="4"/><counter type="COMPLEXITY" missed="2" covered="3"/><counter type="METHOD" missed="0" covered="1"/></method><method name="getDeliveryPosition" desc="(Lilp_submission_3/ilp_submission_image/dto/MedDispatchRec;)Lilp_submission_3/ilp_submission_image/dto/Position;" line="1222"><counter type="INSTRUCTION" missed="0" covered="3"/><counter type="LINE" missed="0" covered="1"/><counter type="COMPLEXITY" missed="0" covered="1"/><counter type="METHOD" missed="0" covered="1"/></method><method name="lambda$getSortedAngles$8" desc="(Lilp_submission_3/ilp_submission_image/Service/PathPlanningServiceImpl$AngleScore;)D" line="1085"><counter type="INSTRUCTION" missed="0" covered="3"/><counter type="LINE" missed="0" covered="1"/><counter type="COMPLEXITY" missed="0" covered="1"/><counter type="METHOD" missed="0" covered="1"/></method><method name="lambda$aStarPathfinding$7" desc="(Lilp_submission_3/ilp_submission_image/Service/PathPlanningServiceImpl$AStarNode;)D" line="980"><counter type="INSTRUCTION" missed="0" covered="3"/><counter type="LINE" missed="0" covered="1"/><counter type="COMPLEXITY" missed="0" covered="1"/><counter type="METHOD" missed="0" covered="1"/></method><method name="lambda$aStarPathfinding$6" desc="(Lilp_submission_3/ilp_submission_image/Service/PathPlanningServiceImpl$AStarNode;)D" line="979"><counter type="INSTRUCTION" missed="0" covered="3"/><counter type="LINE" missed="0" covered="1"/><counter type="COMPLEXITY" missed="0" covered="1"/><counter type="METHOD" missed="0" covered="1"/></method><method name="lambda$createBatchesByServicePointAndCapacity$5" desc="(Ljava/lang/Integer;)Ljava/util/List;" line="795"><counter type="INSTRUCTION" missed="0" covered="4"/><counter type="LINE" missed="0" covered="1"/><counter type="COMPLEXITY" missed="0" covered="1"/><counter type="METHOD" missed="0" covered="1"/></method><method name="lambda$mergeDronePaths$4" desc="(Ljava/lang/String;)Ljava/util/List;" line="509"><counter type="INSTRUCTION" missed="0" covered="4"/><counter type="LINE" missed="0" covered="1"/><counter type="COMPLEXITY" missed="0" covered="1"/><counter type="METHOD" missed="0" covered="1"/></method><method name="lambda$buildBatchForDrone$3" desc="(Lilp_submission_3/ilp_submission_image/dto/Position;Lilp_submission_3/ilp_submission_image/dto/MedDispatchRec;)D" line="369"><counter type="INSTRUCTION" missed="0" covered="7"/><counter type="LINE" missed="0" covered="1"/><counter type="COMPLEXITY" missed="0" covered="1"/><counter type="METHOD" missed="0" covered="1"/></method><method name="lambda$findBestAssignmentByDistance$2" desc="(Lilp_submission_3/ilp_submission_image/Service/PathPlanningServiceImpl$ServicePointDistance;)D" line="269"><counter type="INSTRUCTION" missed="0" covered="3"/><counter type="LINE" missed="0" covered="1"/><counter type="COMPLEXITY" missed="0" covered="1"/><counter type="METHOD" missed="0" covered="1"/></method><method name="lambda$tryMultiDroneSolution$1" desc="(Ljava/lang/String;)Ljava/util/List;" line="216"><counter type="INSTRUCTION" missed="0" covered="4"/><counter type="LINE" missed="0" covered="1"/><counter type="COMPLEXITY" missed="0" covered="1"/><counter type="METHOD" missed="0" covered="1"/></method><method name="lambda$trySingleDroneSolution$0" desc="(Lilp_submission_3/ilp_submission_image/Service/PathPlanningServiceImpl$ServicePointDistance;)D" line="131"><counter type="INSTRUCTION" missed="0" covered="3"/><counter type="LINE" missed="0" covered="1"/><counter type="COMPLEXITY" missed="0" covered="1"/><counter type="METHOD" missed="0" covered="1"/></method><method name="&lt;clinit&gt;" desc="()V" line="27"><counter type="INSTRUCTION" missed="0" covered="85"/><counter type="LINE" missed="0" covered="3"/><counter type="COMPLEXITY" missed="0" covered="1"/><counter type="METHOD" missed="0" covered="1"/></method><counter type="INSTRUCTION" missed="101" covered="2929"/><counter type="BRANCH" missed="80" covered="350"/><counter type="LINE" missed="34" covered="585"/><counter type="COMPLEXITY" missed="77" covered="182"/><counter type="METHOD" missed="0" covered="44"/><counter type="CLASS" missed="0" covered="1"/></class><class name="ilp_submission_3/ilp_submission_image/Service/DroneServiceImpl" sourcefilename="DroneServiceImpl.java"><method name="&lt;init&gt;" desc="(Lorg/springframework/web/client/RestTemplate;Lilp_submission_3/ilp_submission_image/Service/ILPServiceInterface;Lilp_submission_3/ilp_submission_image/Configuration/ILPEndpointProvider;)V" line="27"><counter type="INSTRUCTION" missed="0" covered="12"/><counter type="LINE" missed="0" covered="5"/><counter type="COMPLEXITY" missed="0" covered="1"/><counter type="METHOD" missed="0" covered="1"/></method><method name="getAllDrones" desc="()Ljava/util/List;" line="38"><counter type="INSTRUCTION" missed="0" covered="27"/><counter type="BRANCH" missed="0" covered="2"/><counter type="LINE" missed="0" covered="6"/><counter type="COMPLEXITY" missed="0" covered="2"/><counter type="METHOD" missed="0" covered="1"/></method><method name="getAllServicePoints" desc="()Ljava/util/List;" line="51"><counter type="INSTRUCTION" missed="0" covered="27"/><counter type="BRANCH" missed="0" covered="2"/><counter type="LINE" missed="0" covered="6"/><counter type="COMPLEXITY" missed="0" covered="2"/><counter type="METHOD" missed="0" covered="1"/></method><method name="getServicePointLocations" desc="()Ljava/util/List;" line="64"><counter type="INSTRUCTION" missed="0" covered="23"/><counter type="BRANCH" missed="0" covered="2"/><counter type="LINE" missed="0" covered="5"/><counter type="COMPLEXITY" missed="0" covered="2"/><counter type="METHOD" missed="0" covered="1"/></method><method name="getDronesWithCooling" desc="(Z)Ljava/util/List;" line="76"><counter type="INSTRUCTION" missed="0" covered="44"/><counter type="BRANCH" missed="1" covered="9"/><counter type="LINE" missed="0" covered="10"/><counter type="COMPLEXITY" missed="1" covered="5"/><counter type="METHOD" missed="0" covered="1"/></method><method name="getDroneById" desc="(Ljava/lang/String;)Lilp_submission_3/ilp_submission_image/dto/Drone;" line="93"><counter type="INSTRUCTION" missed="0" covered="23"/><counter type="BRANCH" missed="0" covered="4"/><counter type="LINE" missed="0" covered="6"/><counter type="COMPLEXITY" missed="0" covered="3"/><counter type="METHOD" missed="0" covered="1"/></method><method name="queryDronesByPath" desc="(Ljava/lang/String;Ljava/lang/String;)Ljava/util/List;" line="105"><counter type="INSTRUCTION" missed="0" covered="32"/><counter type="BRANCH" missed="0" covered="4"/><counter type="LINE" missed="0" covered="7"/><counter type="COMPLEXITY" missed="0" covered="3"/><counter type="METHOD" missed="0" covered="1"/></method><method name="queryDrones" desc="(Ljava/util/List;)Ljava/util/List;" line="119"><counter type="INSTRUCTION" missed="0" covered="53"/><counter type="BRANCH" missed="0" covered="8"/><counter type="LINE" missed="0" covered="13"/><counter type="COMPLEXITY" missed="0" covered="5"/><counter type="METHOD" missed="0" covered="1"/></method><method name="matchesAttribute" desc="(Lilp_submission_3/ilp_submission_image/dto/Drone;Ljava/lang/String;Ljava/lang/String;Ljava/lang/String;)Z" line="143"><counter type="INSTRUCTION" missed="11" covered="92"/><counter type="BRANCH" missed="1" covered="12"/><counter type="LINE" missed="3" covered="12"/><counter type="COMPLEXITY" missed="1" covered="10"/><counter type="METHOD" missed="0" covered="1"/></method><method name="compareValues" desc="(Ljava/lang/Object;Ljava/lang/String;Ljava/lang/String;Z)Z" line="177"><counter type="INSTRUCTION" missed="6" covered="120"/><counter type="BRANCH" missed="2" covered="30"/><counter type="LINE" missed="2" covered="24"/><counter type="COMPLEXITY" missed="2" covered="18"/><counter type="METHOD" missed="0" covered="1"/></method><method name="queryAvailableDrones" desc="(Ljava/util/List;)Ljava/util/List;" line="233"><counter type="INSTRUCTION" missed="0" covered="127"/><counter type="BRANCH" missed="3" covered="25"/><counter type="LINE" missed="0" covered="26"/><counter type="COMPLEXITY" missed="3" covered="12"/><counter type="METHOD" missed="0" covered="1"/></method><method name="canDroneHandleAllDateGroups" desc="(Lilp_submission_3/ilp_submission_image/dto/Drone;Ljava/util/Map;Ljava/util/List;)Z" line="277"><counter type="INSTRUCTION" missed="2" covered="35"/><counter type="BRANCH" missed="1" covered="5"/><counter type="LINE" missed="1" covered="9"/><counter type="COMPLEXITY" missed="1" covered="3"/><counter type="METHOD" missed="0" covered="1"/></method><method name="canDroneHandleDailyDispatches" desc="(Lilp_submission_3/ilp_submission_image/dto/Drone;Ljava/util/List;Lilp_submission_3/ilp_submission_image/dto/DroneForServicePoint$DroneAvailability;)Z" line="300"><counter type="INSTRUCTION" missed="0" covered="40"/><counter type="BRANCH" missed="2" covered="8"/><counter type="LINE" missed="0" covered="8"/><counter type="COMPLEXITY" missed="2" covered="4"/><counter type="METHOD" missed="0" covered="1"/></method><method name="queryAvailableDronesWithOr" desc="(Ljava/util/List;)Ljava/util/List;" line="317"><counter type="INSTRUCTION" missed="0" covered="91"/><counter type="BRANCH" missed="3" covered="21"/><counter type="LINE" missed="0" covered="19"/><counter type="COMPLEXITY" missed="3" covered="10"/><counter type="METHOD" missed="0" covered="1"/></method><method name="canDroneHandleAnyDispatch" desc="(Lilp_submission_3/ilp_submission_image/dto/Drone;Ljava/util/List;Ljava/util/List;)Z" line="349"><counter type="INSTRUCTION" missed="2" covered="30"/><counter type="BRANCH" missed="1" covered="5"/><counter type="LINE" missed="1" covered="8"/><counter type="COMPLEXITY" missed="1" covered="3"/><counter type="METHOD" missed="0" covered="1"/></method><method name="findDroneAvailability" desc="(Ljava/lang/String;Ljava/util/List;)Lilp_submission_3/ilp_submission_image/dto/DroneForServicePoint$DroneAvailability;" line="366"><counter type="INSTRUCTION" missed="0" covered="35"/><counter type="BRANCH" missed="0" covered="8"/><counter type="LINE" missed="0" covered="8"/><counter type="COMPLEXITY" missed="0" covered="5"/><counter type="METHOD" missed="0" covered="1"/></method><method name="canDroneHandleDispatch" desc="(Lilp_submission_3/ilp_submission_image/dto/Drone;Lilp_submission_3/ilp_submission_image/dto/MedDispatchRec;Lilp_submission_3/ilp_submission_image/dto/DroneForServicePoint$DroneAvailability;)Z" line="379"><counter type="INSTRUCTION" missed="4" covered="102"/><counter type="BRANCH" missed="10" covered="32"/><counter type="LINE" missed="2" covered="18"/><counter type="COMPLEXITY" missed="10" covered="12"/><counter type="METHOD" missed="0" covered="1"/></method><method name="canAffordDelivery" desc="(Lilp_submission_3/ilp_submission_image/dto/Drone;Lilp_submission_3/ilp_submission_image/dto/MedDispatchRec;Lilp_submission_3/ilp_submission_image/dto/DroneForServicePoint$DroneAvailability;)Z" line="425"><counter type="INSTRUCTION" missed="2" covered="93"/><counter type="BRANCH" missed="7" covered="11"/><counter type="LINE" missed="1" covered="20"/><counter type="COMPLEXITY" missed="7" covered="3"/><counter type="METHOD" missed="0" covered="1"/></method><method name="findServicePointLocation" desc="(Lilp_submission_3/ilp_submission_image/dto/DroneForServicePoint$DroneAvailability;)Lilp_submission_3/ilp_submission_image/dto/Position;" line="462"><counter type="INSTRUCTION" missed="4" covered="42"/><counter type="BRANCH" missed="3" covered="7"/><counter type="LINE" missed="2" covered="9"/><counter type="COMPLEXITY" missed="3" covered="3"/><counter type="METHOD" missed="0" covered="1"/></method><method name="getServicePointLocationById" desc="(Ljava/lang/Integer;)Lilp_submission_3/ilp_submission_image/dto/Position;" line="483"><counter type="INSTRUCTION" missed="2" covered="32"/><counter type="BRANCH" missed="2" covered="4"/><counter type="LINE" missed="1" covered="8"/><counter type="COMPLEXITY" missed="2" covered="2"/><counter type="METHOD" missed="0" covered="1"/></method><method name="canDroneHandleDispatchAny" desc="(Lilp_submission_3/ilp_submission_image/dto/Drone;Lilp_submission_3/ilp_submission_image/dto/MedDispatchRec;Lilp_submission_3/ilp_submission_image/dto/DroneForServicePoint$DroneAvailability;)Z" line="502"><counter type="INSTRUCTION" missed="4" covered="109"/><counter type="BRANCH" missed="10" covered="34"/><counter type="LINE" missed="2" covered="19"/><counter type="COMPLEXITY" missed="10" covered="13"/><counter type="METHOD" missed="0" covered="1"/></method><method name="isDroneAvailable" desc="(Lilp_submission_3/ilp_submission_image/dto/DroneForServicePoint$DroneAvailability;Ljava/lang/String;Ljava/lang/String;)Z" line="541"><counter type="INSTRUCTION" missed="1" covered="77"/><counter type="BRANCH" missed="2" covered="18"/><counter type="LINE" missed="1" covered="23"/><counter type="COMPLEXITY" missed="2" covered="9"/><counter type="METHOD" missed="0" covered="1"/></method><counter type="INSTRUCTION" missed="38" covered="1266"/><counter type="BRANCH" missed="48" covered="251"/><counter type="LINE" missed="16" covered="269"/><counter type="COMPLEXITY" missed="48" covered="130"/><counter type="METHOD" missed="0" covered="22"/><counter type="CLASS" missed="0" covered="1"/></class><class name="ilp_submission_3/ilp_submission_image/Service/PathPlanningServiceImpl$AngleScore" sourcefilename="PathPlanningServiceImpl.java"><method name="&lt;init&gt;" desc="(Ljava/lang/Double;D)V" line="1112"><counter type="INSTRUCTION" missed="0" covered="9"/><counter type="LINE" missed="0" covered="4"/><counter type="COMPLEXITY" missed="0" covered="1"/><counter type="METHOD" missed="0" covered="1"/></method><counter type="INSTRUCTION" missed="0" covered="9"/><counter type="LINE" missed="0" covered="4"/><counter type="COMPLEXITY" missed="0" covered="1"/><counter type="METHOD" missed="0" covered="1"/><counter type="CLASS" missed="0" covered="1"/></class><class name="ilp_submission_3/ilp_submission_image/Service/PathPlanningServiceImpl$AStarNode" sourcefilename="PathPlanningServiceImpl.j
[...]
="0"/><line nr="664" mi="0" ci="1" mb="0" cb="0"/><line nr="666" mi="0" ci="4" mb="0" cb="0"/><line nr="667" mi="0" ci="2" mb="0" cb="0"/><line nr="668" mi="0" ci="2" mb="0" cb="0"/><line nr="670" mi="0" ci="11" mb="0" cb="2"/><line nr="671" mi="0" ci="4" mb="0" cb="0"/><line nr="673" mi="0" ci="5" mb="0" cb="0"/><line nr="675" mi="0" ci="4" mb="0" cb="0"/><line nr="680" mi="0" ci="3" mb="1" cb="1"/><line nr="681" mi="2" ci="0" mb="0" cb="0"/><line nr="684" mi="0" ci="10" mb="0" cb="2"/><line nr="685" mi="0" ci="7" mb="0" cb="0"/><line nr="689" mi="0" ci="2" mb="1" cb="1"/><line nr="690" mi="2" ci="0" mb="0" cb="0"/><line nr="693" mi="0" ci="7" mb="0" cb="0"/><line nr="697" mi="0" ci="2" mb="0" cb="2"/><line nr="698" mi="0" ci="2" mb="0" cb="0"/><line nr="701" mi="0" ci="5" mb="0" cb="0"/><line nr="702" mi="0" ci="5" mb="0" cb="0"/><line nr="703" mi="0" ci="5" mb="0" cb="0"/><line nr="704" mi="0" ci="1" mb="0" cb="0"/><line nr="705" mi="0" ci="1" mb="0" cb="0"/><line nr="707" mi="0" ci="4" mb="0" cb="0"/><line nr="708" mi="0" ci="9" mb="0" cb="0"/><line nr="710" mi="0" ci="9" mb="0" cb="0"/><line nr="719" mi="2" ci="3" mb="1" cb="1"/><line nr="721" mi="0" ci="5" mb="0" cb="0"/><line nr="723" mi="0" ci="2" mb="0" cb="0"/><line nr="724" mi="0" ci="2" mb="0" cb="0"/><line nr="725" mi="0" ci="2" mb="0" cb="0"/><line nr="726" mi="0" ci="2" mb="0" cb="0"/><line nr="727" mi="0" ci="2" mb="0" cb="0"/><line nr="731" mi="2" ci="2" mb="1" cb="1"/><line nr="733" mi="0" ci="2" mb="0" cb="0"/><line nr="734" mi="0" ci="10" mb="1" cb="1"/><line nr="735" mi="0" ci="3" mb="1" cb="1"/><line nr="736" mi="0" ci="11" mb="0" cb="2"/><line nr="737" mi="0" ci="10" mb="1" cb="3"/><line nr="738" mi="0" ci="3" mb="0" cb="0"/><line nr="739" mi="0" ci="1" mb="0" cb="0"/><line nr="741" mi="0" ci="1" mb="0" cb="0"/><line nr="743" mi="0" ci="3" mb="0" cb="2"/><line nr="744" mi="0" ci="1" mb="0" cb="0"/><line nr="746" mi="2" ci="2" mb="1" cb="1"/><line nr="748" mi="0" ci="10" mb="1" cb="1"/><line nr="749" mi="0" ci="8" mb="1" cb="3"/><line nr="750" mi="0" ci="10" mb="0" cb="0"/><line nr="752" mi="0" ci="1" mb="0" cb="0"/><line nr="754" mi="2" ci="0" mb="0" cb="0"/><line nr="763" mi="0" ci="7" mb="2" cb="2"/><line nr="764" mi="2" ci="0" mb="0" cb="0"/><line nr="767" mi="0" ci="4" mb="0" cb="0"/><line nr="769" mi="0" ci="10" mb="0" cb="2"/><line nr="770" mi="0" ci="2" mb="0" cb="0"/><line nr="771" mi="0" ci="2" mb="0" cb="0"/><line nr="772" mi="0" ci="2" mb="0" cb="0"/><line nr="773" mi="0" ci="2" mb="0" cb="0"/><line nr="774" mi="0" ci="2" mb="0" cb="0"/><line nr="778" mi="1" ci="2" mb="1" cb="1"/><line nr="780" mi="0" ci="2" mb="0" cb="0"/><line nr="781" mi="0" ci="10" mb="1" cb="1"/><line nr="782" mi="0" ci="3" mb="1" cb="1"/><line nr="783" mi="0" ci="11" mb="0" cb="2"/><line nr="784" mi="0" ci="9" mb="1" cb="3"/><line nr="785" mi="0" ci="3" mb="0" cb="0"/><line nr="786" mi="0" ci="1" mb="0" cb="0"/><line nr="788" mi="0" ci="1" mb="0" cb="0"/><line nr="790" mi="0" ci="3" mb="0" cb="2"/><line nr="791" mi="0" ci="1" mb="0" cb="0"/><line nr="793" mi="0" ci="2" mb="1" cb="1"/><line nr="794" mi="0" ci="3" mb="0" cb="0"/><line nr="795" mi="0" ci="7" mb="0" cb="0"/><line nr="796" mi="0" ci="2" mb="0" cb="0"/><line nr="798" mi="0" ci="1" mb="0" cb="0"/><line nr="800" mi="0" ci="4" mb="0" cb="0"/><line nr="802" mi="0" ci="11" mb="0" cb="2"/><line nr="803" mi="0" ci="4" mb="0" cb="0"/><line nr="804" mi="0" ci="2" mb="0" cb="0"/><line nr="806" mi="0" ci="10" mb="0" cb="2"/><line nr="807" mi="0" ci="2" mb="0" cb="0"/><line nr="808" mi="0" ci="4" mb="1" cb="1"/><line nr="809" mi="0" ci="3" mb="1" cb="1"/><line nr="810" mi="0" ci="5" mb="0" cb="0"/><line nr="813" mi="0" ci="5" mb="1" cb="1"/><line nr="814" mi="2" ci="0" mb="0" cb="0"/><line nr="817" mi="0" ci="8" mb="0" cb="2"/><line nr="818" mi="0" ci="2" mb="1" cb="1"/><line nr="819" mi="0" ci="7" mb="0" cb="0"/><line nr="820" mi="0" ci="2" mb="0" cb="0"/><line nr="821" mi="0" ci="2" mb="0" cb="0"/><line nr="824" mi="0" ci="4" mb="0" cb="0"/><line nr="825" mi="0" ci="4" mb="0" cb="0"/><line nr="826" mi="0" ci="1" mb="0" cb="0"/><line nr="828" mi="0" ci="3" mb="1" cb="1"/><line nr="829" mi="0" ci="4" mb="0" cb="0"/><line nr="831" mi="0" ci="1" mb="0" cb="0"/><line nr="833" mi="0" ci="2" mb="0" cb="0"/><line nr="842" mi="0" ci="4" mb="0" cb="2"/><line nr="843" mi="0" ci="5" mb="0" cb="0"/><line nr="844" mi="0" ci="4" mb="0" cb="0"/><line nr="848" mi="0" ci="10" mb="0" cb="2"/><line nr="849" mi="0" ci="4" mb="0" cb="0"/><line nr="850" mi="0" ci="5" mb="0" cb="2"/><line nr="851" mi="0" ci="4" mb="0" cb="2"/><line nr="852" mi="0" ci="4" mb="0" cb="0"/><line nr="853" mi="0" ci="1" mb="0" cb="0"/><line nr="854" mi="0" ci="2" mb="0" cb="0"/><line nr="858" mi="0" ci="2" mb="0" cb="0"/><line nr="860" mi="0" ci="1" mb="0" cb="0"/><line nr="862" mi="0" ci="4" mb="0" cb="0"/><line nr="863" mi="0" ci="2" mb="0" cb="0"/><line nr="864" mi="0" ci="2" mb="0" cb="0"/><line nr="866" mi="0" ci="8" mb="0" cb="2"/><line nr="867" mi="0" ci="5" mb="0" cb="0"/><line nr="868" mi="0" ci="4" mb="0" cb="0"/><line nr="870" mi="0" ci="4" mb="0" cb="2"/><line nr="871" mi="0" ci="4" mb="0" cb="0"/><line nr="872" mi="0" ci="4" mb="0" cb="0"/><line nr="876" mi="0" ci="6" mb="0" cb="0"/><line nr="878" mi="0" ci="3" mb="1" cb="1"/><line nr="879" mi="4" ci="0" mb="2" cb="0"/><line nr="880" mi="4" ci="0" mb="0" cb="0"/><line nr="881" mi="3" ci="0" mb="0" cb="0"/><line nr="884" mi="2" ci="0" mb="0" cb="0"/><line nr="887" mi="0" ci="5" mb="0" cb="0"/><line nr="888" mi="0" ci="4" mb="0" cb="0"/><line nr="889" mi="0" ci="4" mb="0" cb="0"/><line nr="891" mi="0" ci="7" mb="0" cb="0"/><line nr="892" mi="0" ci="9" mb="0" cb="0"/><line nr="893" mi="0" ci="2" mb="0" cb="0"/><line nr="896" mi="0" ci="6" mb="0" cb="0"/><line nr="897" mi="0" ci="3" mb="1" cb="1"/><line nr="898" mi="4" ci="0" mb="2" cb="0"/><line nr="899" mi="4" ci="0" mb="0" cb="0"/><line nr="900" mi="1" ci="0" mb="0" cb="0"/><line nr="903" mi="2" ci="0" mb="0" cb="0"/><line nr="906" mi="0" ci="5" mb="0" cb="0"/><line nr="907" mi="0" ci="4" mb="0" cb="0"/><line nr="909" mi="0" ci="8" mb="0" cb="0"/><line nr="910" mi="0" ci="5" mb="0" cb="0"/><line nr="912" mi="0" ci="10" mb="0" cb="4"/><line nr="913" mi="0" ci="2" mb="0" cb="0"/><line nr="916" mi="0" ci="7" mb="1" cb="3"/><line nr="917" mi="2" ci="0" mb="0" cb="0"/><line nr="920" mi="0" ci="4" mb="0" cb="2"/><line nr="921" mi="0" ci="7" mb="0" cb="0"/><line nr="922" mi="0" ci="4" mb="0" cb="2"/><line nr="923" mi="0" ci="7" mb="0" cb="0"/><line nr="924" mi="0" ci="4" mb="0" cb="2"/><line nr="925" mi="0" ci="7" mb="0" cb="0"/><line nr="927" mi="0" ci="9" mb="0" cb="0"/><line nr="929" mi="0" ci="3" mb="0" cb="0"/><line nr="930" mi="0" ci="2" mb="1" cb="1"/><line nr="931" mi="0" ci="5" mb="0" cb="0"/><line nr="933" mi="0" ci="10" mb="0" cb="2"/><line nr="934" mi="0" ci="4" mb="1" cb="1"/><line nr="935" mi="0" ci="3" mb="1" cb="1"/><line nr="936" mi="0" ci="5" mb="0" cb="0"/><line nr="937" mi="0" ci="4" mb="1" cb="1"/><line nr="938" mi="2" ci="0" mb="0" cb="0"/><line nr="941" mi="0" ci="1" mb="0" cb="0"/><line nr="944" mi="0" ci="4" mb="0" cb="2"/><line nr="945" mi="0" ci="5" mb="0" cb="0"/><line nr="946" mi="0" ci="4" mb="0" cb="0"/><line nr="950" mi="0" ci="7" mb="0" cb="0"/><line nr="958" mi="0" ci="2" mb="0" cb="0"/><line nr="959" mi="0" ci="3" mb="0" cb="0"/><line nr="960" mi="0" ci="3" mb="0" cb="0"/><line nr="961" mi="0" ci="3" mb="0" cb="0"/><line nr="962" mi="0" ci="1" mb="0" cb="0"/><line nr="968" mi="0" ci="6" mb="0" cb="0"/><line nr="974" mi="0" ci="6" mb="0" cb="2"/><line nr="975" mi="0" ci="12" mb="0" cb="0"/><line nr="978" mi="0" ci="3" mb="0" cb="0"/><line nr="979" mi="0" ci="5" mb="0" cb="0"/><line nr="980" mi="0" ci="6" mb="0" cb="0"/><line nr="983" mi="0" ci="4" mb="0" cb="0"/><line nr="984" mi="0" ci="4" mb="0" cb="0"/><line nr="985" mi="0" ci="4" mb="0" cb="0"/><line nr="987" mi="0" ci="4" mb="0" cb="0"/><line nr="988" mi="0" ci="12" mb="0" cb="0"/><line nr="989" mi="0" ci="6" mb="0" cb="0"/><line nr="991" mi="0" ci="2" mb="0" cb="0"/><line nr="993" mi="0" ci="3" mb="0" cb="2"/><line nr="994" mi="0" ci="4" mb="0" cb="0"/><line nr="995" mi="0" ci="5" mb="0" cb="0"/><line nr="997" mi="0" ci="1" mb="0" cb="0"/><line nr="999" mi="0" ci="8" mb="0" cb="4"/><line nr="1000" mi="0" ci="6" mb="0" cb="0"/><line nr="1001" mi="0" ci="1" mb="0" cb="0"/><line nr="1005" mi="0" ci="7" mb="0" cb="2"/><line nr="1006" mi="0" ci="8" mb="0" cb="0"/><line nr="1008" mi="0" ci="4" mb="0" cb="2"/><line nr="1009" mi="0" ci="6" mb="0" cb="0"/><line nr="1010" mi="0" ci="2" mb="0" cb="0"/><line nr="1014" mi="0" ci="2" mb="0" cb="0"/><line nr="1017" mi="0" ci="4" mb="0" cb="2"/><line nr="1018" mi="0" ci="1" mb="0" cb="0"/><line nr="1020" mi="0" ci="4" mb="0" cb="0"/><line nr="1022" mi="0" ci="8" mb="0" cb="0"/><line nr="1023" mi="0" ci="6" mb="0" cb="0"/><line nr="1025" mi="0" ci="10" mb="0" cb="2"/><line nr="1026" mi="0" ci="9" mb="0" cb="0"/><line nr="1027" mi="0" ci="4" mb="0" cb="0"/><line nr="1029" mi="0" ci="7" mb="0" cb="2"/><line nr="1030" mi="0" ci="7" mb="0" cb="2"/><line nr="1031" mi="0" ci="2" mb="0" cb="2"/><line nr="1032" mi="0" ci="1" mb="0" cb="0"/><line nr="1035" mi="0" ci="4" mb="0" cb="0"/><line nr="1036" mi="0" ci="8" mb="0" cb="0"/><line nr="1038" mi="0" ci="4" mb="0" cb="2"/><line nr="1039" mi="0" ci="6" mb="0" cb="0"/><line nr="1040" mi="0" ci="6" mb="0" cb="0"/><line nr="1041" mi="0" ci="5" mb="0" cb="0"/><line nr="1042" mi="0" ci="13" mb="0" cb="0"/><line nr="1044" mi="0" ci="1" mb="0" cb="0"/><line nr="1045" mi="0" ci="1" mb="0" cb="0"/><line nr="1047" mi="0" ci="4" mb="1" cb="1"/><line nr="1048" mi="5" ci="0" mb="0" cb="0"/><line nr="1049" mi="1" ci="0" mb="0" cb="0"/><line nr="1053" mi="0" ci="4" mb="0" cb="0"/><line nr="1057" mi="0" ci="6" mb="0" cb="0"/><line nr="1058" mi="0" ci="4" mb="0" cb="0"/><line nr="1060" mi="0" ci="9" mb="0" cb="0"/><line nr="1061" mi="0" ci="9" mb="0" cb="0"/><line nr="1063" mi="0" ci="6" mb="0" cb="0"/><line nr="1064" mi="0" ci="7" mb="0" cb="0"/><line nr="1066" mi="0" ci="7" mb="0" cb="0"/><line nr="1068" mi="0" ci="4" mb="0" cb="0"/><line nr="1072" mi="0" ci="4" mb="0" cb="0"/><line nr="1074" mi="0" ci="5" mb="0" cb="0"/><line nr="1076" mi="0" ci="10" mb="0" cb="2"/><line nr="1077" mi="0" ci="8" mb="0" cb="0"/><line nr="1079" mi="0" ci="4" mb="0" cb="2"/><line nr="1080" mi="0" ci="4" mb="0" cb="0"/><line nr="1082" mi="0" ci="8" mb="0" cb="0"/><line nr="1083" mi="0" ci="1" mb="0" cb="0"/><line nr="1085" mi="0" ci="7" mb="0" cb="0"/><line nr="1087" mi="0" ci="2" mb="0" cb="0"/><line nr="1091" mi="0" ci="8" mb="0" cb="0"/><line nr="1092" mi="0" ci="8" mb="0" cb="0"/><line nr="1094" mi="0" ci="4" mb="0" cb="0"/><line nr="1095" mi="0" ci="3" mb="0" cb="0"/><line nr="1097" mi="0" ci="4" mb="0" cb="0"/><line nr="1101" mi="0" ci="4" mb="0" cb="0"/><line nr="1102" mi="0" ci="4" mb="0" cb="2"/><line nr="1103" mi="0" ci="4" mb="0" cb="0"/><line nr="1105" mi="0" ci="2" mb="0" cb="0"/><line nr="1112" mi="0" ci="2" mb="0" cb="0"/><line nr="1113" mi="0" ci="3" mb="0" cb="0"/><line nr="1114" mi="0" ci="3" mb="0" cb="0"/><line nr="1115" mi="0" ci="1" mb="0" cb="0"/><line nr="1119" mi="0" ci="7" mb="0" cb="0"/><line nr="1120" mi="0" ci="7" mb="0" cb="0"/><line nr="1121" mi="0" ci="4" mb="0" cb="0"/><line nr="1129" mi="0" ci="2" mb="0" cb="0"/><line nr="1130" mi="0" ci="3" mb="0" cb="0"/><line nr="1131" mi="0" ci="3" mb="0" cb="0"/><line nr="1132" mi="0" ci="3" mb="0" cb="0"/><line nr="1133" mi="0" ci="1" mb="0" cb="0"/><line nr="1138" mi="0" ci="4" mb="0" cb="0"/><line nr="1139" mi="0" ci="4" mb="0" cb="0"/><line nr="1141" mi="0" ci="4" mb="0" cb="0"/><line nr="1143" mi="0" ci="4" mb="0" cb="2"/><line nr="1144" mi="0" ci="5" mb="0" cb="0"/><line nr="1145" mi="0" ci="4" mb="0" cb="0"/><line nr="1146" mi="0" ci="4" mb="0" cb="0"/><line nr="1147" mi="0" ci="1" mb="0" cb="0"/><line nr="1149" mi="0" ci="2" mb="0" cb="0"/><line nr="1150" mi="0" ci="2" mb="0" cb="0"/><line nr="1154" mi="0" ci="10" mb="0" cb="2"/><line nr="1155" mi="0" ci="7" mb="2" cb="2"/><line nr="1156" mi="0" ci="7" mb="0" cb="2"/><line nr="1157" mi="0" ci="2" mb="0" cb="0"/><line nr="1160" mi="0" ci="1" mb="0" cb="0"/><line nr="1161" mi="0" ci="2" mb="0" cb="0"/><line nr="1165" mi="0" ci="10" mb="0" cb="2"/><line nr="1166" mi="0" ci="7" mb="2" cb="2"/><line nr="1167" mi="0" ci="3" mb="0" cb="0"/><line nr="1169" mi="0" ci="8" mb="0" cb="2"/><line nr="1170" mi="0" ci="5" mb="0" cb="0"/><line nr="1171" mi="0" ci="10" mb="0" cb="0"/><line nr="1173" mi="0" ci="7" mb="0" cb="2"/><line nr="1174" mi="0" ci="2" mb="0" cb="0"/><line nr="1178" mi="0" ci="3" mb="0" cb="0"/><line nr="1179" mi="0" ci="10" mb="0" cb="0"/><line nr="1180" mi="0" ci="11" mb="0" cb="0"/><line nr="1182" mi="0" ci="6" mb="1" cb="1"/><line nr="1183" mi="2" ci="0" mb="0" cb="0"/><line nr="1186" mi="0" ci="1" mb="0" cb="0"/><line nr="1187" mi="0" ci="2" mb="0" cb="0"/><line nr="1191" mi="0" ci="6" mb="0" cb="0"/><line nr="1192" mi="0" ci="6" mb="0" cb="0"/><line nr="1193" mi="0" ci="6" mb="0" cb="0"/><line nr="1194" mi="0" ci="6" mb="0" cb="0"/><line nr="1196" mi="0" ci="32" mb="0" cb="16"/><line nr="1198" mi="0" ci="2" mb="0" cb="0"/><line nr="1201" mi="2" ci="11" mb="1" cb="3"/><line nr="1202" mi="0" ci="13" mb="0" cb="4"/><line nr="1203" mi="2" ci="11" mb="1" cb="3"/><line nr="1204" mi="2" ci="11" mb="1" cb="3"/><line nr="1206" mi="0" ci="2" mb="0" cb="0"/><line nr="1210" mi="0" ci="17" mb="0" cb="0"/><line nr="1211" mi="0" ci="15" mb="0" cb="0"/><line nr="1215" mi="0" ci="14" mb="0" cb="2"/><line nr="1216" mi="0" ci="12" mb="0" cb="2"/><line nr="1217" mi="0" ci="12" mb="1" cb="1"/><line nr="1218" mi="0" ci="14" mb="1" cb="1"/><line nr="1222" mi="0" ci="3" mb="0" cb="0"/><counter type="INSTRUCTION" missed="101" covered="2989"/><counter type="BRANCH" missed="80" covered="350"/><counter type="LINE" missed="34" covered="610"/><counter type="COMPLEXITY" missed="77" covered="187"/><counter type="METHOD" missed="0" covered="49"/><counter type="CLASS" missed="0" covered="6"/></sourcefile><sourcefile name="PathPlanningService.java"/><sourcefile name="DroneService.java"/><sourcefile name="ILPServiceInterface.java"/><sourcefile name="ILPServiceImpl.java"><line nr="15" mi="0" ci="3" mb="0" cb="0"/><line nr="16" mi="0" ci="6" mb="0" cb="0"/><line nr="21" mi="0" ci="5" mb="0" cb="0"/><line nr="22" mi="0" ci="5" mb="0" cb="0"/><line nr="23" mi="0" ci="5" mb="0" cb="0"/><line nr="24" mi="0" ci="5" mb="0" cb="0"/><line nr="27" mi="0" ci="4" mb="0" cb="0"/><line nr="28" mi="0" ci="4" mb="0" cb="0"/><line nr="31" mi="0" ci="4" mb="0" cb="0"/><line nr="32" mi="0" ci="4" mb="0" cb="0"/><line nr="35" mi="0" ci="4" mb="0" cb="0"/><line nr="38" mi="0" ci="4" mb="0" cb="0"/><line nr="43" mi="0" ci="11" mb="0" cb="2"/><line nr="48" mi="0" ci="5" mb="0" cb="0"/><line nr="49" mi="0" ci="5" mb="0" cb="0"/><line nr="53" mi="0" ci="3" mb="0" cb="0"/><line nr="56" mi="0" ci="4" mb="0" cb="0"/><line nr="57" mi="0" ci="4" mb="0" cb="0"/><line nr="60" mi="0" ci="4" mb="0" cb="0"/><line nr="61" mi="0" ci="4" mb="0" cb="0"/><line nr="64" mi="0" ci="4" mb="0" cb="0"/><line nr="65" mi="0" ci="4" mb="0" cb="0"/><line nr="67" mi="0" ci="10" mb="0" cb="0"/><line nr="72" mi="0" ci="5" mb="0" cb="0"/><line nr="73" mi="0" ci="5" mb="0" cb="0"/><line nr="77" mi="0" ci="10" mb="0" cb="2"/><line nr="78" mi="0" ci="5" mb="0" cb="0"/><line nr="79" mi="0" ci="7" mb="0" cb="0"/><line nr="81" mi="0" ci="6" mb="0" cb="2"/><line nr="82" mi="0" ci="2" mb="0" cb="0"/><line nr="89" mi="0" ci="2" mb="0" cb="0"/><line nr="90" mi="0" ci="5" mb="0" cb="0"/><line nr="92" mi="0" ci="8" mb="0" cb="2"/><line nr="93" mi="0" ci="5" mb="0" cb="0"/><line nr="94" mi="0" ci="5" mb="0" cb="0"/><line nr="97" mi="0" ci="5" mb="0" cb="0"/><line nr="98" mi="0" ci="5" mb="0" cb="0"/><line nr="99" mi="0" ci="5" mb="0" cb="0"/><line nr="100" mi="0" ci="5" mb="0" cb="0"/><line nr="105" mi="0" ci="19" mb="0" cb="6"/><line nr="107" mi="0" ci="2" mb="0" cb="2"/><line nr="108" mi="0" ci="4" mb="0" cb="0"/><line nr="109" mi="0" ci="4" mb="0" cb="0"/><line nr="110" mi="0" ci="4" mb="0" cb="0"/><line nr="112" mi="0" ci="4" mb="1" cb="1"/><line nr="115" mi="0" ci="2" mb="0" cb="0"/><line nr="116" mi="0" ci="4" mb="0" cb="0"/><line nr="117" mi="0" ci="2" mb="0" cb="0"/><line nr="118" mi="0" ci="2" mb="0" cb="0"/><line nr="120" mi="0" ci="4" mb="0" cb="2"/><line nr="121" mi="0" ci="6" mb="0" cb="2"/><line nr="125" mi="0" ci="2" mb="0" cb="0"/><line nr="127" mi="0" ci="2" mb="0" cb="0"/><line nr="139" mi="0" ci="5" mb="0" cb="0"/><line nr="140" mi="0" ci="5" mb="0" cb="0"/><line nr="141" mi="0" ci="5" mb="0" cb="0"/><line nr="142" mi="0" ci="5" mb="0" cb="0"/><line nr="143" mi="0" ci="5" mb="0" cb="0"/><line nr="144" mi="0" ci="5" mb="0" cb="0"/><line nr="148" mi="0" ci="4" mb="0" cb="0"/><line nr="149" mi="0" ci="4" mb="0" cb="0"/><line nr="150" mi="0" ci="4" mb="0" cb="0"/><line nr="151" mi="0" ci="4" mb="0" cb="0"/><line nr="153" mi="0" ci="10" mb="0" cb="4"/><line nr="154" mi="0" ci="6" mb="0" cb="4"/><line nr="155" mi="0" ci="2" mb="0" cb="0"/><line nr="160" mi="0" ci="4" mb="0" cb="0"/><line nr="161" mi="0" ci="4" mb="0" cb="0"/><line nr="162" mi="0" ci="4" mb="0" cb="0"/><line nr="163" mi="0" ci="4" mb="0" cb="0"/><line nr="167" mi="0" ci="8" mb="0" cb="0"/><line nr="170" mi="0" ci="5" mb="0" cb="0"/><line nr="171" mi="0" ci="9" mb="0" cb="2"/><counter type="INSTRUCTION" missed="0" covered="359"/><counter type="BRANCH" missed="1" covered="31"/><counter type="LINE" missed="0" covered="73"/><counter type="COMPLEXITY" missed="1" covered="22"/><counter type="METHOD" missed="0" covered="7"/><counter type="CLASS" missed="0" covered="1"/></sourcefile><counter type="INSTRUCTION" missed="139" covered="4614"/><counter type="BRANCH" missed="129" covered="632"/><counter type="LINE" missed="50" covered="952"/><counter type="COMPLEXITY" missed="126" covered="339"/><counter type="METHOD" missed="0" covered="78"/><counter type="CLASS" missed="0" covered="8"/></package><package name="ilp_submission_3/ilp_submission_image"><class name="ilp_submission_3/ilp_submission_image/IlpSubmissionImageApplication" sourcefilename="IlpSubmissionImageApplication.java"><method name="&lt;init&gt;" desc="()V" line="7"><counter type="INSTRUCTION" missed="0" covered="3"/><counter type="LINE" missed="0" covered="1"/><counter type="COMPLEXITY" missed="0" covered="1"/><counter type="METHOD" missed="0" covered="1"/></method><method name="main" desc="([Ljava/lang/String;)V" line="10"><counter type="INSTRUCTION" missed="5" covered="0"/><counter type="LINE" missed="2" covered="0"/><counter type="COMPLEXITY" missed="1" covered="0"/><counter type="METHOD" missed="1" covered="0"/></method><counter type="INSTRUCTION" missed="5" covered="3"/><counter type="LINE" missed="2" covered="1"/><counter type="COMPLEXITY" missed="1" covered="1"/><counter type="METHOD" missed="1" covered="1"/><counter type="CLASS" missed="0" covered="1"/></class><sourcefile name="IlpSubmissionImageApplication.java"><line nr="7" mi="0" ci="3" mb="0" cb="0"/><line nr="10" mi="4" ci="0" mb="0" cb="0"/><line nr="11" mi="1" ci="0" mb="0" cb="0"/><counter type="INSTRUCTION" missed="5" covered="3"/><counter type="LINE" missed="2" covered="1"/><counter type="COMPLEXITY" missed="1" covered="1"/><counter type="METHOD" missed="1" covered="1"/><counter type="CLASS" missed="0" covered="1"/></sourcefile><counter type="INSTRUCTION" missed="5" covered="3"/><counter type="LINE" missed="2" covered="1"/><counter type="COMPLEXITY" missed="1" covered="1"/><counter type="METHOD" missed="1" covered="1"/><counter type="CLASS" missed="0" covered="1"/></package><counter type="INSTRUCTION" missed="198" covered="5614"/><counter type="BRANCH" missed="142" covered="689"/><counter type="LINE" missed="68" covered="1119"/><counter type="COMPLEXITY" missed="140" covered="430"/><counter type="METHOD" missed="2" covered="146"/><counter type="CLASS" missed="0" covered="40"/></report>