<?xml version="1.0" encoding="UTF-8"?>
<testsuite xmlns:xsi="http://www.w3.org/2001/XMLSchema-instance" xsi:noNamespaceSchemaLocation="https://maven.apache.org/surefire/maven-surefire-plugin/xsd/surefire-test-report-3.0.xsd" version="3.0" name="ilp_submission_3.ilp_submission_image.PerformanceTest.PerformanceAndStressTest" time="26.813" tests="8" errors="0" skipped="0" failures="0">
  <properties>
[...]
</properties>
  <testcase name="testAStarPerformanceBaseline" classname="ilp_submission_3.ilp_submission_image.PerformanceTest.PerformanceAndStressTest" time="2.718">
    <system-out><![CDATA[2026-01-25T01:12:32.693Z  INFO 2401 --- [ilp_submission_image] [           main] t.c.s.AnnotationConfigContextLoaderUtils : Could not detect default configuration classes for test class [ilp_submission_3.ilp_submission_image.PerformanceTest.PerformanceAndStressTest]: PerformanceAndStressTest does not declare any static, non-private, non-final, nested classes annotated with @Configuration.
2026-01-25T01:12:32.702Z  INFO 2401 --- [ilp_submission_image] [           main] .b.t.c.SpringBootTestContextBootstrapper : Found @SpringBootConfiguration ilp_submission_3.ilp_submission_image.IlpSubmissionImageApplication for test class ilp_submission_3.ilp_submission_image.PerformanceTest.PerformanceAndStressTest

📊 Performance results will be saved to: performance_test_results.csv


======================================================================
=== A* PERFORMANCE TEST 1A: BASELINE ===
======================================================================
✅ New WebSocket connection: 9bce7380-ef3e-516d-3082-d9777d881ffe
📊 Total active connections: 1
❌ WebSocket connection closed: 9bce7380-ef3e-516d-3082-d9777d881ffe
📊 Total active connections: 0

=== BASELINE RESULTS ===
Response Time: 1714ms
Nodes Explored: 0
Messages Received: 13
Total Moves: 0
Total Cost: 0.00
Status: PASS
======================================================================

]]></system-out>
  </testcase>
  <testcase name="testAStarPerformanceMedium" classname="ilp_submission_3.ilp_submission_image.PerformanceTest.PerformanceAndStressTest" time="2.955">
    <system-out><![CDATA[
======================================================================
=== A* PERFORMANCE TEST 1B: MEDIUM COMPLEXITY ===
======================================================================
✅ New WebSocket connection: 46051a59-1160-6689-0db7-8c4a0bfbf66c
📊 Total active connections: 1
❌ WebSocket connection closed: 46051a59-1160-6689-0db7-8c4a0bfbf66c
📊 Total active connections: 0

=== MEDIUM COMPLEXITY RESULTS ===
Response Time: 1948ms
Nodes Explored: 0
Messages Received: 31
Total Moves: 115
Total Cost: 26.75
Status: PASS
======================================================================

]]></system-out>
  </testcase>
  <testcase name="testAStarPerformanceStress" classname="ilp_submission_3.ilp_submission_image.PerformanceTest.PerformanceAndStressTest" time="3.234">
    <system-out><![CDATA[
======================================================================
=== A* PERFORMANCE TEST 1C: STRESS ===
======================================================================
✅ New WebSocket connection: 8b01459e-4c36-7202-3b65-b5ef5d8222e5
📊 Total active connections: 1
❌ WebSocket connection closed: 8b01459e-4c36-7202-3b65-b5ef5d8222e5
📊 Total active connections: 0

=== STRESS TEST RESULTS ===
Response Time: 2228ms
Nodes Explored: 0
Messages Received: 71
Total Moves: 303
Total Cost: 36.15
Status: PASS
======================================================================

]]></system-out>
  </testcase>
  <testcase name="testAStarMultiDelivery" classname="ilp_submission_3.ilp_submission_image.PerformanceTest.PerformanceAndStressTest" time="2.538">
    <system-out><![CDATA[
======================================================================
=== A* PERFORMANCE TEST 1D: MULTI-DELIVERY ===
======================================================================

=== MULTI-DELIVERY RESULTS ===
Response Time: 2535ms
Orders Processed: 3
Avg Time Per Order: 845ms
Total Moves: 0
Drone Paths: 0
======================================================================

]]></system-out>
  </testcase>
  <testcase name="testWebSocketMessageLoadBaseline" classname="ilp_submission_3.ilp_submission_image.PerformanceTest.PerformanceAndStressTest" time="3.534">
    <system-out><![CDATA[
======================================================================
=== WEBSOCKET PERFORMANCE TEST 2A: BASELINE ===
======================================================================
✅ New WebSocket connection: 872d6a60-ebcd-884e-1821-4d9a2228921a
📊 Total active connections: 1
❌ WebSocket connection closed: 872d6a60-ebcd-884e-1821-4d9a2228921a
📊 Total active connections: 0

=== BASELINE RESULTS ===
Connected Clients: 1
Messages Received: 13
Message Loss: 0
Avg Connection Latency: 4.00ms
Min Messages (per client): 13
Max Messages (per client): 13
======================================================================

]]></system-out>
  </testcase>
  <testcase name="testWebSocketMultipleClients" classname="ilp_submission_3.ilp_submission_image.PerformanceTest.PerformanceAndStressTest" time="3.799">
    <system-out><![CDATA[
======================================================================
=== WEBSOCKET PERFORMANCE TEST 2B: MULTI-CLIENT ===
======================================================================
✅ New WebSocket connection: 98af5eda-2f74-5678-eb5e-6c051c22b291
📊 Total active connections: 1
✅ New WebSocket connection: e22e11a5-cd61-c331-5a0b-299d9fc03499
📊 Total active connections: 2
✅ New WebSocket connection: caa707aa-6d35-7206-f1b3-7f8e16adbbe0
📊 Total active connections: 3
✅ New WebSocket connection: 7d5013c3-2c3e-a3a0-a23f-09ff7e78fa8a
📊 Total active connections: 4
✅ New WebSocket connection: 6a8dec91-1b96-461a-4037-7f43ea792c13
📊 Total active connections: 5
❌ WebSocket connection closed: e22e11a5-cd61-c331-5a0b-299d9fc03499
📊 Total active connections: 3

=== MULTI-CLIENT (5) RESULTS ===
Connected Clients: 5
Messages Received: 155
Message Loss: 0
Avg Connection Latency: 7.40ms
Min Messages (per client): 31
Max Messages (per client): 31
❌ WebSocket connection closed: 7d5013c3-2c3e-a3a0-a23f-09ff7e78fa8a
❌ WebSocket connection closed: 6a8dec91-1b96-461a-4037-7f43ea792c13
📊 Total active connections: 2
📊 Total active connections: 1
======================================================================

❌ WebSocket connection closed: 98af5eda-2f74-5678-eb5e-6c051c22b291
❌ WebSocket connection closed: caa707aa-6d35-7206-f1b3-7f8e16adbbe0
📊 Total active connections: 0
📊 Total active connections: 0
]]></system-out>
  </testcase>
  <testcase name="testWebSocketHighFrequencyStress" classname="ilp_submission_3.ilp_submission_image.PerformanceTest.PerformanceAndStressTest" time="4.198">
    <system-out><![CDATA[
======================================================================
=== WEBSOCKET PERFORMANCE TEST 2C: HIGH FREQUENCY ===
======================================================================
✅ New WebSocket connection: c4f5a8fe-bd0c-4703-039e-500afdfcf7be
📊 Total active connections: 1
✅ New WebSocket connection: 01683df8-8de1-571d-075a-c91573c0189f
📊 Total active connections: 2
✅ New WebSocket connection: 5d2e7e86-764e-cfcc-cc2c-8e4f98c46b52
📊 Total active connections: 3
❌ WebSocket connection closed: c4f5a8fe-bd0c-4703-039e-500afdfcf7be
❌ WebSocket connection closed: 5d2e7e86-764e-cfcc-cc2c-8e4f98c46b52
❌ WebSocket connection closed: 01683df8-8de1-571d-075a-c91573c0189f
📊 Total active connections: 0
📊 Total active connections: 0
📊 Total active connections: 0

=== HIGH FREQUENCY STRESS RESULTS ===
Connected Clients: 3
Messages Received: 213
Message Loss: 0
Avg Connection Latency: 4.67ms
Min Messages (per client): 71
Max Messages (per client): 71
======================================================================

]]></system-out>
  </testcase>
  <testcase name="testCombinedStress" classname="ilp_submission_3.ilp_submission_image.PerformanceTest.PerformanceAndStressTest" time="3.809">
    <system-out><![CDATA[
======================================================================
=== COMBINED STRESS TEST ===
======================================================================
✅ New WebSocket connection: 58334ff9-59e2-57e5-b73b-6fb5cf6936d8
📊 Total active connections: 1
✅ New WebSocket connection: 3446f604-8bab-82c8-9028-d3dd0cdfc2bf
📊 Total active connections: 2
✅ New WebSocket connection: 786fc1e7-5432-84c3-03ba-3c985ae0abec
📊 Total active connections: 3
✅ New WebSocket connection: 6f557349-7043-a638-1f14-ad7c57c571f8
📊 Total active connections: 4
✅ New WebSocket connection: aab02761-928a-3868-d980-e412b3df32f3
📊 Total active connections: 5
✅ New WebSocket connection: 7ad0a112-ddfc-099c-8ac8-c398b529a1e6
📊 Total active connections: 6
✅ New WebSocket connection: 772f3720-6913-b50f-6d1a-5055b6448f07
📊 Total active connections: 7
✅ New WebSocket connection: fc17c842-c4d5-482f-2285-1bd4a3c7aef3
📊 Total active connections: 8
✅ New WebSocket connection: a85878f5-6eb4-18ad-2eff-135b7fdd59b2
📊 Total active connections: 9
✅ New WebSocket connection: de081a07-5b33-bd7e-79ff-fa6adf338270
📊 Total active connections: 10
❌ WebSocket connection closed: 58334ff9-59e2-57e5-b73b-6fb5cf6936d8
❌ WebSocket connection closed: 3446f604-8bab-82c8-9028-d3dd0cdfc2bf
📊 Total active connections: 8
📊 Total active connections: 8
❌ WebSocket connection closed: 786fc1e7-5432-84c3-03ba-3c985ae0abec
📊 Total active connections: 7

=== COMBINED STRESS RESULTS ===
Total Test Duration: 3806ms
WebSocket Clients: 10
Messages Received: 310
Message Loss: 0
Avg Latency: 11.30ms
======================================================================

❌ WebSocket connection closed: aab02761-928a-3868-d980-e412b3df32f3
📊 Total active connections: 6
❌ WebSocket connection closed: 6f557349-7043-a638-1f14-ad7c57c571f8
❌ WebSocket connection closed: fc17c842-c4d5-482f-2285-1bd4a3c7aef3
📊 Total active connections: 3
❌ WebSocket connection closed: 772f3720-6913-b50f-6d1a-5055b6448f07
📊 Total active connections: 2
❌ WebSocket connection closed: a85878f5-6eb4-18ad-2eff-135b7fdd59b2
📊 Total active connections: 1
❌ WebSocket connection closed: 7ad0a112-ddfc-099c-8ac8-c398b529a1e6
📊 Total active connections: 1
📊 Total active connections: 4
❌ WebSocket connection closed: de081a07-5b33-bd7e-79ff-fa6adf338270
📊 Total active connections: 0
]]></system-out>
  </testcase>
</testsuite>