<?xml version="1.0" encoding="UTF-8"?>
<testsuite xmlns:xsi="http://www.w3.org/2001/XMLSchema-instance" xsi:noNamespaceSchemaLocation="https://maven.apache.org/surefire/maven-surefire-plugin/xsd/surefire-test-report-3.0.xsd" version="3.0" name="ilp_submission_3.ilp_submission_image.SystemTest.SystemEndToEndTest" time="13.89" tests="4" errors="0" skipped="0" failures="0">
  <properties>
[...]
</properties>
  <testcase name="testNormalOrderWithProgressUpdates" classname="ilp_submission_3.ilp_submission_image.SystemTest.SystemEndToEndTest" time="4.737">
    <system-out><![CDATA[01:12:12.681 [main] INFO org.springframework.test.context.support.AnnotationConfigContextLoaderUtils -- Could not detect default configuration classes for test class [ilp_submission_3.ilp_submission_image.SystemTest.SystemEndToEndTest]: SystemEndToEndTest does not declare any static, non-private, non-final, nested classes annotated with @Configuration.
01:12:12.867 [main] INFO org.springframework.boot.test.context.SpringBootTestContextBootstrapper -- Found @SpringBootConfiguration ilp_submission_3.ilp_submission_image.IlpSubmissionImageApplication for test class ilp_submission_3.ilp_submission_image.SystemTest.SystemEndToEndTest

  .   ____          _            __ _ _
 /\\ / ___'_ __ _ _(_)_ __  __ _ \ \ \ \
( ( )\___ | '_ | '_| | '_ \/ _` | \ \ \ \
 \\/  ___)| |_)| | | | | || (_| |  ) ) ) )
  '  |____| .__|_| |_|_| |_\__, | / / / /
 =========|_|==============|___/=/_/_/_/

 :: Spring Boot ::                (v3.5.7)

2026-01-25T01:12:13.781Z  INFO 2401 --- [ilp_submission_image] [           main] i.i.SystemTest.SystemEndToEndTest        : Starting SystemEndToEndTest using Java 21.0.9 with PID 2401 (started by runner in /home/runner/work/ILP-Project/ILP-Project)
2026-01-25T01:12:13.782Z  INFO 2401 --- [ilp_submission_image] [           main] i.i.SystemTest.SystemEndToEndTest        : No active profile set, falling back to 1 default profile: "default"
2026-01-25T01:12:15.430Z  INFO 2401 --- [ilp_submission_image] [           main] o.s.b.w.embedded.tomcat.TomcatWebServer  : Tomcat initialized with port 0 (http)
2026-01-25T01:12:15.460Z  INFO 2401 --- [ilp_submission_image] [           main] o.apache.catalina.core.StandardService   : Starting service [Tomcat]
2026-01-25T01:12:15.460Z  INFO 2401 --- [ilp_submission_image] [           main] o.apache.catalina.core.StandardEngine    : Starting Servlet engine: [Apache Tomcat/10.1.48]
2026-01-25T01:12:15.503Z  INFO 2401 --- [ilp_submission_image] [           main] o.a.c.c.C.[Tomcat].[localhost].[/]       : Initializing Spring embedded WebApplicationContext
2026-01-25T01:12:15.505Z  INFO 2401 --- [ilp_submission_image] [           main] w.s.c.ServletWebServerApplicationContext : Root WebApplicationContext: initialization completed in 1699 ms
2026-01-25T01:12:15.695Z  INFO 2401 --- [ilp_submission_image] [           main] o.s.b.a.w.s.WelcomePageHandlerMapping    : Adding welcome page: class path resource [static/index.html]
2026-01-25T01:12:16.634Z  INFO 2401 --- [ilp_submission_image] [           main] o.s.b.w.embedded.tomcat.TomcatWebServer  : Tomcat started on port 45251 (http) with context path '/'
2026-01-25T01:12:16.644Z  INFO 2401 --- [ilp_submission_image] [           main] i.i.SystemTest.SystemEndToEndTest        : Started SystemEndToEndTest in 3.509 seconds (process running for 6.122)

======================================================================
=== SCENARIO 1: Normal Order Flow ===
======================================================================

[Step 1] Connecting WebSocket client...
2026-01-25T01:12:17.754Z  INFO 2401 --- [ilp_submission_image] [o-auto-1-exec-1] o.a.c.c.C.[Tomcat].[localhost].[/]       : Initializing Spring DispatcherServlet 'dispatcherServlet'
2026-01-25T01:12:17.754Z  INFO 2401 --- [ilp_submission_image] [o-auto-1-exec-1] o.s.web.servlet.DispatcherServlet        : Initializing Servlet 'dispatcherServlet'
2026-01-25T01:12:17.755Z  INFO 2401 --- [ilp_submission_image] [o-auto-1-exec-1] o.s.web.servlet.DispatcherServlet        : Completed initialization in 1 ms
✅ New WebSocket connection: 56392add-240d-f454-f37f-57e10a69e0cf
  ✓ WebSocket connected: 4b3668a5-6cce-d359-1f06-380962b86bf8
📊 Total active connections: 1
  ✓ Welcome message received

[Step 2] Verifying monitor endpoint...
  Monitor status: {"status":"active","hasConnections":true,"activeConnections":1}

[Step 3] Submitting delivery order...
  📡 Progress: batch_started
  📡 Progress: error
  📡 Progress: batch_started
  📡 Progress: error
  📡 Progress: batch_started
  📡 Progress: error
  📡 Progress: batch_started
  📡 Progress: error
  📡 Progress: batch_started
  📡 Progress: error
  📡 Progress: batch_started
  📡 Progress: error

[Step 4] Validating API response...
  ✓ Path calculation complete
    - Total cost: 0.0
    - Total moves: 0
    - Drone paths: 0

[Step 5] Collecting progress messages...

======================================================================
=== EVIDENCE SUMMARY ===
======================================================================
✓ Total Test Time: 3274ms
✓ API Response Time: 2126ms
✓ WebSocket Messages Received: 13
✓ Message Types Distribution:
    - batch_started: 6
    - connection_established: 1
    - error: 6

✓ Sample Progress Messages (first 3):
  {"type":"connection_established","position":null,"deliveryId":null,"totalNodes":null,"currentBatch":null,"droneId":null,...
  {"type":"batch_started","position":null,"deliveryId":null,"totalNodes":null,"currentBatch":1,"droneId":"3","message":"St...
  {"type":"error","position":null,"deliveryId":null,"totalNodes":null,"currentBatch":null,"droneId":null,"message":"Error:...
❌ WebSocket connection closed: 56392add-240d-f454-f37f-57e10a69e0cf
📊 Total active connections: 0
  ✓ WebSocket closed: CloseStatus[code=1000, reason=null]

======================================================================
✓ SCENARIO 1 PASSED: Normal order flow complete
======================================================================

]]></system-out>
    <system-err><![CDATA[Mockito is currently self-attaching to enable the inline-mock-maker. This will no longer work in future releases of the JDK. Please add Mockito as an agent to your build as described in Mockito's documentation: https://javadoc.io/doc/org.mockito/mockito-core/latest/org.mockito/org/mockito/Mockito.html#0.3
WARNING: A Java agent has been loaded dynamically (/home/runner/.m2/repository/net/bytebuddy/byte-buddy-agent/1.17.8/byte-buddy-agent-1.17.8.jar)
WARNING: If a serviceability tool is in use, please run with -XX:+EnableDynamicAgentLoading to hide this warning
WARNING: If a serviceability tool is not in use, please run with -Djdk.instrument.traceUsage for more information
WARNING: Dynamic loading of agents will be disallowed by default in a future release
]]></system-err>
  </testcase>
  <testcase name="testImpossibleOrderGracefulHandling" classname="ilp_submission_3.ilp_submission_image.SystemTest.SystemEndToEndTest" time="0.351">
    <system-out><![CDATA[
======================================================================
=== SCENARIO 2: Impossible Order ===
======================================================================

[Step 1] Creating impossible order (cooling=true, heating=true)...

[Step 2] Submitting impossible order...

[Step 3] Verifying graceful error handling...

[Step 4] Validating no-solution response...

======================================================================
=== EVIDENCE SUMMARY ===
======================================================================
✓ Response Time: 346ms
✓ Status Code: 200 OK
✓ Response Structure: Valid
    - totalCost: 0.0
    - totalMoves: 0
    - dronePaths: []
✓ No Server Crash: Yes
✓ Frontend Can Display: 'No solution found'

======================================================================
✓ SCENARIO 2 PASSED: Graceful error handling verified
======================================================================

]]></system-out>
  </testcase>
  <testcase name="testConnectionInterruptionResilience" classname="ilp_submission_3.ilp_submission_image.SystemTest.SystemEndToEndTest" time="2.206">
    <system-out><![CDATA[
======================================================================
=== SCENARIO 3: Connection Interruption & Resilience ===
======================================================================

[Step 1] Connecting first WebSocket client...
✅ New WebSocket connection: c7c268e0-fbdd-0394-45a4-3a26313af4f9
  ✓ Client 1 connected: 7a1fbc30-ea89-9c66-7d2c-3d77015ba422
📊 Total active connections: 1

[Step 2] Verifying connection count...
  Monitor status: {"status":"active","hasConnections":true,"activeConnections":1}

[Step 3] Submitting order...

[Step 4] Disconnecting client mid-calculation...
  ✓ Client 1 disconnected
❌ WebSocket connection closed: c7c268e0-fbdd-0394-45a4-3a26313af4f9
📊 Total active connections: 0

[Step 5] Verifying system continues processing...
  Monitor status after disconnect: {"status":"idle","hasConnections":false,"activeConnections":0}

[Step 6] Waiting for API completion...
  ✓ API completed successfully

[Step 7] Reconnecting new WebSocket client...
✅ New WebSocket connection: 4e46f8e2-ae04-ccbb-c093-696ae8b576fc
📊 Total active connections: 1
  ✓ Client 2 reconnected: 1787122a-5536-cbed-75d5-42b01beec0e9

[Step 8] Verifying system health after reconnection...
  Monitor status after reconnect: {"status":"active","hasConnections":true,"activeConnections":1}

======================================================================
=== EVIDENCE SUMMARY ===
======================================================================
✓ API Completed After Disconnect: Yes
✓ Messages Received Before Disconnect: 1
✓ Reconnection Successful: Yes
✓ No Server Crash: Yes
✓ Monitor Endpoint Responsive: Yes
✓ Connection State Tracking: Accurate
❌ WebSocket connection closed: 4e46f8e2-ae04-ccbb-c093-696ae8b576fc
📊 Total active connections: 0

======================================================================
✓ SCENARIO 3 PASSED: System resilience verified
======================================================================

]]></system-out>
  </testcase>
  <testcase name="testMultiOrderBatchProcessing" classname="ilp_submission_3.ilp_submission_image.SystemTest.SystemEndToEndTest" time="2.259">
    <system-out><![CDATA[
======================================================================
=== SCENARIO 4: Multi-Order Batch Processing ===
======================================================================

[Step 1] Creating batch of 3 orders...

[Step 2] Submitting batch order...

======================================================================
=== EVIDENCE SUMMARY ===
======================================================================
✓ Orders Submitted: 3
✓ Total Time: 2255ms
✓ Avg Time Per Order: 751ms
✓ Drone Paths Generated: 0
✓ Total Cost: 0.0
✓ Total Moves: 0

======================================================================
✓ SCENARIO 4 PASSED: Multi-order batch processing verified
======================================================================

]]></system-out>
  </testcase>
</testsuite>