<?xml version="1.0" encoding="UTF-8"?>
<testsuite xmlns:xsi="http://www.w3.org/2001/XMLSchema-instance" xsi:noNamespaceSchemaLocation="https://maven.apache.org/surefire/maven-surefire-plugin/xsd/surefire-test-report-3.0.xsd" version="3.0" name="ilp_submission_3.ilp_submission_image.WebSocketTest.PathfindingProgressHandlerTest" time="6.464" tests="20" errors="0" skipped="0" failures="0">
  <properties>
[...]
</properties>
  <testcase name="testBroadcastToRealSingleClient" classname="ilp_submission_3.ilp_submission_image.WebSocketTest.PathfindingProgressHandlerTest" time="0.346">
    <system-out><![CDATA[2026-01-25T01:12:26.226Z  INFO 2401 --- [ilp_submission_image] [           main] t.c.s.AnnotationConfigContextLoaderUtils : Could not detect default configuration classes for test class [ilp_submission_3.ilp_submission_image.WebSocketTest.PathfindingProgressHandlerTest]: PathfindingProgressHandlerTest does not declare any static, non-private, non-final, nested classes annotated with @Configuration.
2026-01-25T01:12:26.239Z  INFO 2401 --- [ilp_submission_image] [           main] .b.t.c.SpringBootTestContextBootstrapper : Found @SpringBootConfiguration ilp_submission_3.ilp_submission_image.IlpSubmissionImageApplication for test class ilp_submission_3.ilp_submission_image.WebSocketTest.PathfindingProgressHandlerTest
✅ New WebSocket connection: 70347443aa5d428ea73d2fb58c43021b
📊 Total active connections: 1
❌ WebSocket connection closed: 70347443aa5d428ea73d2fb58c43021b
📊 Total active connections: 0
]]></system-out>
  </testcase>
  <testcase name="testBroadcastToMultipleRealClients" classname="ilp_submission_3.ilp_submission_image.WebSocketTest.PathfindingProgressHandlerTest" time="0.319">
    <system-out><![CDATA[✅ New WebSocket connection: 9809ca1e3bea47629de412f2d0ed7e49
📊 Total active connections: 1
✅ New WebSocket connection: 3783782bb79c4b5684b58900569981cf
📊 Total active connections: 2
✅ New WebSocket connection: c29eae4fed4f43c9b996200dd497c08a
📊 Total active connections: 3
❌ WebSocket connection closed: 9809ca1e3bea47629de412f2d0ed7e49
📊 Total active connections: 2
❌ WebSocket connection closed: c29eae4fed4f43c9b996200dd497c08a
📊 Total active connections: 1
❌ WebSocket connection closed: 3783782bb79c4b5684b58900569981cf
📊 Total active connections: 0
]]></system-out>
  </testcase>
  <testcase name="testPathFoundEvent" classname="ilp_submission_3.ilp_submission_image.WebSocketTest.PathfindingProgressHandlerTest" time="0.312">
    <system-out><![CDATA[✅ New WebSocket connection: 99d079d9017d40388517be70cb7a0cfa
📊 Total active connections: 1
❌ WebSocket connection closed: 99d079d9017d40388517be70cb7a0cfa
📊 Total active connections: 0
]]></system-out>
  </testcase>
  <testcase name="testBatchStartedEvent" classname="ilp_submission_3.ilp_submission_image.WebSocketTest.PathfindingProgressHandlerTest" time="0.313">
    <system-out><![CDATA[✅ New WebSocket connection: d8acb4d3fd27425a9a27dc792a8006a0
📊 Total active connections: 1
❌ WebSocket connection closed: d8acb4d3fd27425a9a27dc792a8006a0
📊 Total active connections: 0
]]></system-out>
  </testcase>
  <testcase name="testMultipleRealConnections" classname="ilp_submission_3.ilp_submission_image.WebSocketTest.PathfindingProgressHandlerTest" time="0.319">
    <system-out><![CDATA[✅ New WebSocket connection: e38a084b060848daa526b18d54991ae9
📊 Total active connections: 1
✅ New WebSocket connection: c1d066954a344b0891d2ffc4533f4f9f
📊 Total active connections: 2
✅ New WebSocket connection: a4485683a12b4939a02110f91a7a7dd5
📊 Total active connections: 3
❌ WebSocket connection closed: c1d066954a344b0891d2ffc4533f4f9f
📊 Total active connections: 2
❌ WebSocket connection closed: e38a084b060848daa526b18d54991ae9
📊 Total active connections: 1
❌ WebSocket connection closed: a4485683a12b4939a02110f91a7a7dd5
📊 Total active connections: 0
2026-01-25T01:12:27.559Z ERROR 2401 --- [ilp_submission_image] [lient-AsyncIO-5] o.s.w.s.s.c.WebSocketClientSockJsSession : Ignoring received message due to state CLOSED in WebSocketClientSockJsSession[id='a4485683a12b4939a02110f91a7a7dd5, url=ws://localhost:45251/ws/pathfinding-progress]
]]></system-out>
  </testcase>
  <testcase name="testRealConnectionEstablished" classname="ilp_submission_3.ilp_submission_image.WebSocketTest.PathfindingProgressHandlerTest" time="0.313">
    <system-out><![CDATA[✅ New WebSocket connection: df86abec6e08454b9f33469bb4931072
📊 Total active connections: 1
❌ WebSocket connection closed: df86abec6e08454b9f33469bb4931072
📊 Total active connections: 0
]]></system-out>
  </testcase>
  <testcase name="testCompleteDeliverySequence" classname="ilp_submission_3.ilp_submission_image.WebSocketTest.PathfindingProgressHandlerTest" time="0.615">
    <system-out><![CDATA[✅ New WebSocket connection: 8689134464ca46d3b5e2d1b9e23da399
📊 Total active connections: 1
❌ WebSocket connection closed: 8689134464ca46d3b5e2d1b9e23da399
📊 Total active connections: 0
]]></system-out>
  </testcase>
  <testcase name="testDeliveryStartedEvent" classname="ilp_submission_3.ilp_submission_image.WebSocketTest.PathfindingProgressHandlerTest" time="0.311">
    <system-out><![CDATA[✅ New WebSocket connection: ab5fd766698c4a64a59b13ae6478887d
📊 Total active connections: 1
❌ WebSocket connection closed: ab5fd766698c4a64a59b13ae6478887d
📊 Total active connections: 0
]]></system-out>
  </testcase>
  <testcase name="testErrorEvent" classname="ilp_submission_3.ilp_submission_image.WebSocketTest.PathfindingProgressHandlerTest" time="0.31">
    <system-out><![CDATA[✅ New WebSocket connection: 4b34a514405a44d49ebe1acecee9e1da
📊 Total active connections: 1
❌ WebSocket connection closed: 4b34a514405a44d49ebe1acecee9e1da
📊 Total active connections: 0
]]></system-out>
  </testcase>
  <testcase name="testBatchCompletedEvent" classname="ilp_submission_3.ilp_submission_image.WebSocketTest.PathfindingProgressHandlerTest" time="0.311">
    <system-out><![CDATA[✅ New WebSocket connection: d17c167d32924454bd4488d4b467ea48
📊 Total active connections: 1
❌ WebSocket connection closed: d17c167d32924454bd4488d4b467ea48
📊 Total active connections: 0
]]></system-out>
  </testcase>
  <testcase name="testVariousEventTypes(PathfindingProgress)[1]" classname="ilp_submission_3.ilp_submission_image.WebSocketTest.PathfindingProgressHandlerTest" time="0.317">
    <system-out><![CDATA[✅ New WebSocket connection: ab5f8d153269451ea5395472a61d6980
📊 Total active connections: 1
❌ WebSocket connection closed: ab5f8d153269451ea5395472a61d6980
📊 Total active connections: 0
]]></system-out>
  </testcase>
  <testcase name="testVariousEventTypes(PathfindingProgress)[2]" classname="ilp_submission_3.ilp_submission_image.WebSocketTest.PathfindingProgressHandlerTest" time="0.316">
    <system-out><![CDATA[✅ New WebSocket connection: 39bcb5258d2c4749864e3ba86eaee62d
📊 Total active connections: 1
❌ WebSocket connection closed: 39bcb5258d2c4749864e3ba86eaee62d
📊 Total active connections: 0
]]></system-out>
  </testcase>
  <testcase name="testVariousEventTypes(PathfindingProgress)[3]" classname="ilp_submission_3.ilp_submission_image.WebSocketTest.PathfindingProgressHandlerTest" time="0.312">
    <system-out><![CDATA[✅ New WebSocket connection: 77d6208ea78f4e7ca846f7ff8ae26f5e
📊 Total active connections: 1
❌ WebSocket connection closed: 77d6208ea78f4e7ca846f7ff8ae26f5e
📊 Total active connections: 0
]]></system-out>
  </testcase>
  <testcase name="testVariousEventTypes(PathfindingProgress)[4]" classname="ilp_submission_3.ilp_submission_image.WebSocketTest.PathfindingProgressHandlerTest" time="0.311">
    <system-out><![CDATA[✅ New WebSocket connection: c00092b007a84c2e8b2198dc6da2007d
📊 Total active connections: 1
❌ WebSocket connection closed: c00092b007a84c2e8b2198dc6da2007d
📊 Total active connections: 0
]]></system-out>
  </testcase>
  <testcase name="testVariousEventTypes(PathfindingProgress)[5]" classname="ilp_submission_3.ilp_submission_image.WebSocketTest.PathfindingProgressHandlerTest" time="0.311">
    <system-out><![CDATA[✅ New WebSocket connection: 93a47964c919493694c255b51303f9b9
📊 Total active connections: 1
❌ WebSocket connection closed: 93a47964c919493694c255b51303f9b9
📊 Total active connections: 0
]]></system-out>
  </testcase>
  <testcase name="testVariousEventTypes(PathfindingProgress)[6]" classname="ilp_submission_3.ilp_submission_image.WebSocketTest.PathfindingProgressHandlerTest" time="0.312">
    <system-out><![CDATA[✅ New WebSocket connection: 768231e3513e408daca036a89953461b
📊 Total active connections: 1
❌ WebSocket connection closed: 768231e3513e408daca036a89953461b
📊 Total active connections: 0
]]></system-out>
  </testcase>
  <testcase name="testRapidEvents" classname="ilp_submission_3.ilp_submission_image.WebSocketTest.PathfindingProgressHandlerTest" time="0.317">
    <system-out><![CDATA[✅ New WebSocket connection: 6d03cefc3503454a9121c34d0fa2ec9d
📊 Total active connections: 1
❌ WebSocket connection closed: 6d03cefc3503454a9121c34d0fa2ec9d
📊 Total active connections: 0
]]></system-out>
  </testcase>
  <testcase name="testNodeExploredEvent" classname="ilp_submission_3.ilp_submission_image.WebSocketTest.PathfindingProgressHandlerTest" time="0.31">
    <system-out><![CDATA[✅ New WebSocket connection: 99fb7fa6287545c6bb93803c3cf8b55a
📊 Total active connections: 1
❌ WebSocket connection closed: 99fb7fa6287545c6bb93803c3cf8b55a
📊 Total active connections: 0
]]></system-out>
  </testcase>
  <testcase name="testRealConnectionClosed" classname="ilp_submission_3.ilp_submission_image.WebSocketTest.PathfindingProgressHandlerTest" time="0.31">
    <system-out><![CDATA[✅ New WebSocket connection: aa43300d2e094d6cbfee7b65c82e69ca
📊 Total active connections: 1
2026-01-25T01:12:32.279Z ERROR 2401 --- [ilp_submission_image] [lient-AsyncIO-4] o.s.w.s.s.c.WebSocketClientSockJsSession : Ignoring received message due to state CLOSING in WebSocketClientSockJsSession[id='aa43300d2e094d6cbfee7b65c82e69ca, url=ws://localhost:45251/ws/pathfinding-progress]
❌ WebSocket connection closed: aa43300d2e094d6cbfee7b65c82e69ca
📊 Total active connections: 0
]]></system-out>
  </testcase>
  <testcase name="testBroadcastWithNoClients" classname="ilp_submission_3.ilp_submission_image.WebSocketTest.PathfindingProgressHandlerTest" time="0.105"/>
</testsuite>